mode: atomic
github.com/konflux-ci/gitops-registration-service/internal/config/config.go:102.30,107.62 2 13
github.com/konflux-ci/gitops-registration-service/internal/config/config.go:107.62,108.55 1 8
github.com/konflux-ci/gitops-registration-service/internal/config/config.go:108.55,110.4 1 4
github.com/konflux-ci/gitops-registration-service/internal/config/config.go:114.2,117.116 2 9
github.com/konflux-ci/gitops-registration-service/internal/config/config.go:117.116,119.3 1 1
github.com/konflux-ci/gitops-registration-service/internal/config/config.go:121.2,121.17 1 8
github.com/konflux-ci/gitops-registration-service/internal/config/config.go:125.33,175.2 1 14
github.com/konflux-ci/gitops-registration-service/internal/config/config.go:178.45,179.43 1 9
github.com/konflux-ci/gitops-registration-service/internal/config/config.go:179.43,180.47 1 3
github.com/konflux-ci/gitops-registration-service/internal/config/config.go:180.47,182.4 1 2
github.com/konflux-ci/gitops-registration-service/internal/config/config.go:185.2,185.59 1 9
github.com/konflux-ci/gitops-registration-service/internal/config/config.go:185.59,187.3 1 1
github.com/konflux-ci/gitops-registration-service/internal/config/config.go:189.2,189.68 1 9
github.com/konflux-ci/gitops-registration-service/internal/config/config.go:189.68,191.3 1 2
github.com/konflux-ci/gitops-registration-service/internal/config/config.go:193.2,193.77 1 9
github.com/konflux-ci/gitops-registration-service/internal/config/config.go:193.77,195.3 1 1
github.com/konflux-ci/gitops-registration-service/internal/config/config.go:197.2,197.75 1 9
github.com/konflux-ci/gitops-registration-service/internal/config/config.go:197.75,199.3 1 1
github.com/konflux-ci/gitops-registration-service/internal/config/config.go:201.2,201.85 1 9
github.com/konflux-ci/gitops-registration-service/internal/config/config.go:201.85,203.3 1 1
github.com/konflux-ci/gitops-registration-service/internal/config/config.go:205.2,205.87 1 9
github.com/konflux-ci/gitops-registration-service/internal/config/config.go:205.87,206.72 1 2
github.com/konflux-ci/gitops-registration-service/internal/config/config.go:206.72,208.4 1 1
github.com/konflux-ci/gitops-registration-service/internal/config/config.go:211.2,211.82 1 9
github.com/konflux-ci/gitops-registration-service/internal/config/config.go:211.82,213.3 1 1
github.com/konflux-ci/gitops-registration-service/internal/config/config.go:217.51,222.39 2 11
github.com/konflux-ci/gitops-registration-service/internal/config/config.go:222.39,224.3 1 0
github.com/konflux-ci/gitops-registration-service/internal/config/config.go:227.2,227.69 1 11
github.com/konflux-ci/gitops-registration-service/internal/config/config.go:227.69,229.3 1 0
github.com/konflux-ci/gitops-registration-service/internal/config/config.go:231.2,232.16 2 11
github.com/konflux-ci/gitops-registration-service/internal/config/config.go:232.16,234.3 1 3
github.com/konflux-ci/gitops-registration-service/internal/config/config.go:236.2,236.34 1 8
github.com/konflux-ci/gitops-registration-service/internal/config/config.go:240.91,242.45 1 16
github.com/konflux-ci/gitops-registration-service/internal/config/config.go:242.45,244.3 1 2
github.com/konflux-ci/gitops-registration-service/internal/config/config.go:247.2,247.37 1 14
github.com/konflux-ci/gitops-registration-service/internal/config/config.go:247.37,248.26 1 5
github.com/konflux-ci/gitops-registration-service/internal/config/config.go:248.26,250.4 1 1
github.com/konflux-ci/gitops-registration-service/internal/config/config.go:255.2,255.36 1 13
github.com/konflux-ci/gitops-registration-service/internal/config/config.go:255.36,256.26 1 2
github.com/konflux-ci/gitops-registration-service/internal/config/config.go:256.26,258.4 1 1
github.com/konflux-ci/gitops-registration-service/internal/config/config.go:262.2,262.12 1 12
github.com/konflux-ci/gitops-registration-service/internal/config/config.go:266.54,267.39 1 6
github.com/konflux-ci/gitops-registration-service/internal/config/config.go:267.39,269.3 1 1
github.com/konflux-ci/gitops-registration-service/internal/config/config.go:271.2,271.48 1 5
github.com/konflux-ci/gitops-registration-service/internal/config/config.go:271.48,273.3 1 2
github.com/konflux-ci/gitops-registration-service/internal/config/config.go:275.2,275.59 1 3
github.com/konflux-ci/gitops-registration-service/internal/config/config.go:275.59,277.3 1 1
github.com/konflux-ci/gitops-registration-service/internal/config/config.go:279.2,279.12 1 2
github.com/konflux-ci/gitops-registration-service/internal/server/server.go:30.70,33.16 2 14
github.com/konflux-ci/gitops-registration-service/internal/server/server.go:33.16,35.3 1 14
github.com/konflux-ci/gitops-registration-service/internal/server/server.go:38.2,38.40 1 0
github.com/konflux-ci/gitops-registration-service/internal/server/server.go:38.40,42.17 3 0
github.com/konflux-ci/gitops-registration-service/internal/server/server.go:42.17,44.4 1 0
github.com/konflux-ci/gitops-registration-service/internal/server/server.go:46.3,46.25 1 0
github.com/konflux-ci/gitops-registration-service/internal/server/server.go:46.25,48.4 1 0
github.com/konflux-ci/gitops-registration-service/internal/server/server.go:51.3,51.35 1 0
github.com/konflux-ci/gitops-registration-service/internal/server/server.go:51.35,53.48 2 0
github.com/konflux-ci/gitops-registration-service/internal/server/server.go:53.48,55.5 1 0
github.com/konflux-ci/gitops-registration-service/internal/server/server.go:58.3,58.114 1 0
github.com/konflux-ci/gitops-registration-service/internal/server/server.go:62.2,84.15 6 0
github.com/konflux-ci/gitops-registration-service/internal/server/server.go:88.51,93.12 3 0
github.com/konflux-ci/gitops-registration-service/internal/server/server.go:93.12,94.82 1 0
github.com/konflux-ci/gitops-registration-service/internal/server/server.go:94.82,96.4 1 0
github.com/konflux-ci/gitops-registration-service/internal/server/server.go:100.2,100.9 1 0
github.com/konflux-ci/gitops-registration-service/internal/server/server.go:101.20,102.32 1 0
github.com/konflux-ci/gitops-registration-service/internal/server/server.go:103.24,104.13 1 0
github.com/konflux-ci/gitops-registration-service/internal/server/server.go:109.54,112.2 2 1
github.com/konflux-ci/gitops-registration-service/internal/server/server.go:115.36,130.16 5 11
github.com/konflux-ci/gitops-registration-service/internal/server/server.go:130.16,133.3 2 1
github.com/konflux-ci/gitops-registration-service/internal/server/server.go:134.2,147.72 3 11
github.com/konflux-ci/gitops-registration-service/internal/server/server.go:151.32,160.47 4 11
github.com/konflux-ci/gitops-registration-service/internal/server/server.go:160.47,164.48 2 11
github.com/konflux-ci/gitops-registration-service/internal/server/server.go:164.48,169.40 4 11
github.com/konflux-ci/gitops-registration-service/internal/server/server.go:169.40,174.5 4 11
github.com/konflux-ci/gitops-registration-service/internal/server/server.go:181.69,189.60 3 6
github.com/konflux-ci/gitops-registration-service/internal/server/server.go:189.60,191.3 1 0
github.com/konflux-ci/gitops-registration-service/internal/server/server.go:195.70,197.57 1 6
github.com/konflux-ci/gitops-registration-service/internal/server/server.go:197.57,207.61 4 4
github.com/konflux-ci/gitops-registration-service/internal/server/server.go:207.61,209.4 1 0
github.com/konflux-ci/gitops-registration-service/internal/server/server.go:210.3,210.9 1 4
github.com/konflux-ci/gitops-registration-service/internal/server/server.go:213.2,220.60 3 2
github.com/konflux-ci/gitops-registration-service/internal/server/server.go:220.60,222.3 1 0
github.com/konflux-ci/gitops-registration-service/internal/server/server.go:226.63,228.63 1 12
github.com/konflux-ci/gitops-registration-service/internal/server/server.go:228.63,230.3 1 4
github.com/konflux-ci/gitops-registration-service/internal/server/server.go:233.2,233.59 1 8
github.com/konflux-ci/gitops-registration-service/internal/server/server.go:233.59,235.3 1 4
github.com/konflux-ci/gitops-registration-service/internal/server/server.go:237.2,237.12 1 4
github.com/konflux-ci/gitops-registration-service/internal/services/argocd.go:42.93,45.2 2 3
github.com/konflux-ci/gitops-registration-service/internal/services/argocd.go:48.129,51.16 2 21
github.com/konflux-ci/gitops-registration-service/internal/services/argocd.go:51.16,53.3 1 7
github.com/konflux-ci/gitops-registration-service/internal/services/argocd.go:56.2,57.16 2 14
github.com/konflux-ci/gitops-registration-service/internal/services/argocd.go:57.16,59.3 1 0
github.com/konflux-ci/gitops-registration-service/internal/services/argocd.go:61.2,66.8 1 14
github.com/konflux-ci/gitops-registration-service/internal/services/argocd.go:69.96,76.16 5 0
github.com/konflux-ci/gitops-registration-service/internal/services/argocd.go:76.16,77.34 1 0
github.com/konflux-ci/gitops-registration-service/internal/services/argocd.go:77.34,80.4 2 0
github.com/konflux-ci/gitops-registration-service/internal/services/argocd.go:81.3,81.77 1 0
github.com/konflux-ci/gitops-registration-service/internal/services/argocd.go:84.2,85.12 2 0
github.com/konflux-ci/gitops-registration-service/internal/services/argocd.go:89.92,112.2 3 1
github.com/konflux-ci/gitops-registration-service/internal/services/argocd.go:115.105,116.9 1 4
github.com/konflux-ci/gitops-registration-service/internal/services/argocd.go:117.96,119.48 1 1
github.com/konflux-ci/gitops-registration-service/internal/services/argocd.go:119.48,121.4 1 1
github.com/konflux-ci/gitops-registration-service/internal/services/argocd.go:122.3,122.50 1 1
github.com/konflux-ci/gitops-registration-service/internal/services/argocd.go:122.50,124.4 1 1
github.com/konflux-ci/gitops-registration-service/internal/services/argocd.go:125.96,127.48 1 1
github.com/konflux-ci/gitops-registration-service/internal/services/argocd.go:127.48,129.4 1 1
github.com/konflux-ci/gitops-registration-service/internal/services/argocd.go:130.3,130.50 1 1
github.com/konflux-ci/gitops-registration-service/internal/services/argocd.go:130.50,132.4 1 1
github.com/konflux-ci/gitops-registration-service/internal/services/argocd.go:133.10,136.73 2 2
github.com/konflux-ci/gitops-registration-service/internal/services/argocd.go:141.71,155.2 1 2
github.com/konflux-ci/gitops-registration-service/internal/services/argocd.go:158.132,175.2 1 1
github.com/konflux-ci/gitops-registration-service/internal/services/argocd.go:177.108,179.37 2 8
github.com/konflux-ci/gitops-registration-service/internal/services/argocd.go:179.37,184.3 1 10
github.com/konflux-ci/gitops-registration-service/internal/services/argocd.go:185.2,185.15 1 8
github.com/konflux-ci/gitops-registration-service/internal/services/argocd.go:189.127,193.16 3 0
github.com/konflux-ci/gitops-registration-service/internal/services/argocd.go:193.16,194.29 1 0
github.com/konflux-ci/gitops-registration-service/internal/services/argocd.go:194.29,197.4 2 0
github.com/konflux-ci/gitops-registration-service/internal/services/argocd.go:198.3,198.75 1 0
github.com/konflux-ci/gitops-registration-service/internal/services/argocd.go:201.2,202.12 2 0
github.com/konflux-ci/gitops-registration-service/internal/services/argocd.go:205.82,207.2 1 0
github.com/konflux-ci/gitops-registration-service/internal/services/argocd.go:209.94,253.16 4 0
github.com/konflux-ci/gitops-registration-service/internal/services/argocd.go:253.16,254.34 1 0
github.com/konflux-ci/gitops-registration-service/internal/services/argocd.go:254.34,257.4 2 0
github.com/konflux-ci/gitops-registration-service/internal/services/argocd.go:258.3,258.74 1 0
github.com/konflux-ci/gitops-registration-service/internal/services/argocd.go:261.2,262.12 2 0
github.com/konflux-ci/gitops-registration-service/internal/services/argocd.go:265.83,267.2 1 0
github.com/konflux-ci/gitops-registration-service/internal/services/argocd.go:270.114,274.16 3 0
github.com/konflux-ci/gitops-registration-service/internal/services/argocd.go:274.16,275.29 1 0
github.com/konflux-ci/gitops-registration-service/internal/services/argocd.go:275.29,277.4 1 0
github.com/konflux-ci/gitops-registration-service/internal/services/argocd.go:278.3,278.72 1 0
github.com/konflux-ci/gitops-registration-service/internal/services/argocd.go:282.2,290.122 2 0
github.com/konflux-ci/gitops-registration-service/internal/services/argocd.go:290.122,292.3 1 0
github.com/konflux-ci/gitops-registration-service/internal/services/argocd.go:295.2,295.135 1 0
github.com/konflux-ci/gitops-registration-service/internal/services/argocd.go:295.135,296.76 1 0
github.com/konflux-ci/gitops-registration-service/internal/services/argocd.go:296.76,298.4 1 0
github.com/konflux-ci/gitops-registration-service/internal/services/argocd.go:301.2,301.20 1 0
github.com/konflux-ci/gitops-registration-service/internal/services/argocd.go:304.64,307.16 2 0
github.com/konflux-ci/gitops-registration-service/internal/services/argocd.go:307.16,309.3 1 0
github.com/konflux-ci/gitops-registration-service/internal/services/argocd.go:310.2,310.12 1 0
github.com/konflux-ci/gitops-registration-service/internal/services/argocd.go:314.107,320.16 3 0
github.com/konflux-ci/gitops-registration-service/internal/services/argocd.go:320.16,322.3 1 0
github.com/konflux-ci/gitops-registration-service/internal/services/argocd.go:324.2,325.12 2 0
github.com/konflux-ci/gitops-registration-service/internal/services/argocd.go:325.12,327.3 1 0
github.com/konflux-ci/gitops-registration-service/internal/services/argocd.go:329.2,329.20 1 0
github.com/konflux-ci/gitops-registration-service/internal/services/factories.go:29.75,31.2 1 7
github.com/konflux-ci/gitops-registration-service/internal/services/factories.go:33.105,35.2 1 1
github.com/konflux-ci/gitops-registration-service/internal/services/factories.go:40.71,42.2 1 4
github.com/konflux-ci/gitops-registration-service/internal/services/factories.go:44.102,46.2 1 1
github.com/konflux-ci/gitops-registration-service/internal/services/factories.go:57.70,58.20 1 42
github.com/konflux-ci/gitops-registration-service/internal/services/factories.go:58.20,60.3 1 5
github.com/konflux-ci/gitops-registration-service/internal/services/factories.go:61.2,61.21 1 37
github.com/konflux-ci/gitops-registration-service/internal/services/factories.go:61.21,63.3 1 36
github.com/konflux-ci/gitops-registration-service/internal/services/factories.go:65.2,65.56 1 1
github.com/konflux-ci/gitops-registration-service/internal/services/factories.go:68.100,69.20 1 37
github.com/konflux-ci/gitops-registration-service/internal/services/factories.go:69.20,71.3 1 2
github.com/konflux-ci/gitops-registration-service/internal/services/factories.go:72.2,72.21 1 35
github.com/konflux-ci/gitops-registration-service/internal/services/factories.go:72.21,74.3 1 35
github.com/konflux-ci/gitops-registration-service/internal/services/factories.go:76.2,76.39 1 0
github.com/konflux-ci/gitops-registration-service/internal/services/factories.go:87.66,88.20 1 24
github.com/konflux-ci/gitops-registration-service/internal/services/factories.go:88.20,90.3 1 6
github.com/konflux-ci/gitops-registration-service/internal/services/factories.go:91.2,91.21 1 18
github.com/konflux-ci/gitops-registration-service/internal/services/factories.go:91.21,93.3 1 17
github.com/konflux-ci/gitops-registration-service/internal/services/factories.go:95.2,95.56 1 1
github.com/konflux-ci/gitops-registration-service/internal/services/factories.go:98.97,99.20 1 19
github.com/konflux-ci/gitops-registration-service/internal/services/factories.go:99.20,101.3 1 2
github.com/konflux-ci/gitops-registration-service/internal/services/factories.go:102.2,102.21 1 17
github.com/konflux-ci/gitops-registration-service/internal/services/factories.go:102.21,104.3 1 16
github.com/konflux-ci/gitops-registration-service/internal/services/factories.go:106.2,107.19 2 1
github.com/konflux-ci/gitops-registration-service/internal/services/factories.go:107.19,109.3 1 0
github.com/konflux-ci/gitops-registration-service/internal/services/factories.go:110.2,110.56 1 1
github.com/konflux-ci/gitops-registration-service/internal/services/factories.go:116.56,121.2 1 33
github.com/konflux-ci/gitops-registration-service/internal/services/factories.go:124.48,131.2 2 15
github.com/konflux-ci/gitops-registration-service/internal/services/factories.go:134.66,138.2 1 5
github.com/konflux-ci/gitops-registration-service/internal/services/factories.go:141.58,145.2 1 6
github.com/konflux-ci/gitops-registration-service/internal/services/kubernetes.go:29.101,32.2 2 3
github.com/konflux-ci/gitops-registration-service/internal/services/kubernetes.go:35.141,38.16 2 42
github.com/konflux-ci/gitops-registration-service/internal/services/kubernetes.go:38.16,40.3 1 9
github.com/konflux-ci/gitops-registration-service/internal/services/kubernetes.go:43.2,44.16 2 33
github.com/konflux-ci/gitops-registration-service/internal/services/kubernetes.go:44.16,46.3 1 0
github.com/konflux-ci/gitops-registration-service/internal/services/kubernetes.go:48.2,52.8 1 33
github.com/konflux-ci/gitops-registration-service/internal/services/kubernetes.go:55.68,58.16 2 3
github.com/konflux-ci/gitops-registration-service/internal/services/kubernetes.go:58.16,60.3 1 0
github.com/konflux-ci/gitops-registration-service/internal/services/kubernetes.go:61.2,61.12 1 3
github.com/konflux-ci/gitops-registration-service/internal/services/kubernetes.go:64.111,68.19 2 3
github.com/konflux-ci/gitops-registration-service/internal/services/kubernetes.go:68.19,70.3 1 0
github.com/konflux-ci/gitops-registration-service/internal/services/kubernetes.go:71.2,82.16 5 3
github.com/konflux-ci/gitops-registration-service/internal/services/kubernetes.go:82.16,83.34 1 0
github.com/konflux-ci/gitops-registration-service/internal/services/kubernetes.go:83.34,86.4 2 0
github.com/konflux-ci/gitops-registration-service/internal/services/kubernetes.go:87.3,87.68 1 0
github.com/konflux-ci/gitops-registration-service/internal/services/kubernetes.go:90.2,91.12 2 3
github.com/konflux-ci/gitops-registration-service/internal/services/kubernetes.go:94.136,98.19 2 3
github.com/konflux-ci/gitops-registration-service/internal/services/kubernetes.go:98.19,100.3 1 1
github.com/konflux-ci/gitops-registration-service/internal/services/kubernetes.go:101.2,105.24 3 3
github.com/konflux-ci/gitops-registration-service/internal/services/kubernetes.go:105.24,107.3 1 1
github.com/konflux-ci/gitops-registration-service/internal/services/kubernetes.go:109.2,118.16 3 3
github.com/konflux-ci/gitops-registration-service/internal/services/kubernetes.go:118.16,119.34 1 0
github.com/konflux-ci/gitops-registration-service/internal/services/kubernetes.go:119.34,122.4 2 0
github.com/konflux-ci/gitops-registration-service/internal/services/kubernetes.go:123.3,123.68 1 0
github.com/konflux-ci/gitops-registration-service/internal/services/kubernetes.go:126.2,131.12 2 3
github.com/konflux-ci/gitops-registration-service/internal/services/kubernetes.go:134.85,138.16 3 10
github.com/konflux-ci/gitops-registration-service/internal/services/kubernetes.go:138.16,139.29 1 9
github.com/konflux-ci/gitops-registration-service/internal/services/kubernetes.go:139.29,142.4 2 9
github.com/konflux-ci/gitops-registration-service/internal/services/kubernetes.go:143.3,143.68 1 0
github.com/konflux-ci/gitops-registration-service/internal/services/kubernetes.go:146.2,147.12 2 1
github.com/konflux-ci/gitops-registration-service/internal/services/kubernetes.go:150.117,155.16 3 2
github.com/konflux-ci/gitops-registration-service/internal/services/kubernetes.go:155.16,157.3 1 0
github.com/konflux-ci/gitops-registration-service/internal/services/kubernetes.go:160.2,160.29 1 2
github.com/konflux-ci/gitops-registration-service/internal/services/kubernetes.go:160.29,162.3 1 0
github.com/konflux-ci/gitops-registration-service/internal/services/kubernetes.go:165.2,165.33 1 2
github.com/konflux-ci/gitops-registration-service/internal/services/kubernetes.go:165.33,167.3 1 4
github.com/konflux-ci/gitops-registration-service/internal/services/kubernetes.go:170.2,171.16 2 2
github.com/konflux-ci/gitops-registration-service/internal/services/kubernetes.go:171.16,173.3 1 0
github.com/konflux-ci/gitops-registration-service/internal/services/kubernetes.go:175.2,179.12 2 2
github.com/konflux-ci/gitops-registration-service/internal/services/kubernetes.go:182.132,187.16 3 2
github.com/konflux-ci/gitops-registration-service/internal/services/kubernetes.go:187.16,189.3 1 0
github.com/konflux-ci/gitops-registration-service/internal/services/kubernetes.go:192.2,192.29 1 2
github.com/konflux-ci/gitops-registration-service/internal/services/kubernetes.go:192.29,194.3 1 0
github.com/konflux-ci/gitops-registration-service/internal/services/kubernetes.go:195.2,195.34 1 2
github.com/konflux-ci/gitops-registration-service/internal/services/kubernetes.go:195.34,197.3 1 0
github.com/konflux-ci/gitops-registration-service/internal/services/kubernetes.go:200.2,200.33 1 2
github.com/konflux-ci/gitops-registration-service/internal/services/kubernetes.go:200.33,202.3 1 4
github.com/konflux-ci/gitops-registration-service/internal/services/kubernetes.go:205.2,205.38 1 2
github.com/konflux-ci/gitops-registration-service/internal/services/kubernetes.go:205.38,207.3 1 2
github.com/konflux-ci/gitops-registration-service/internal/services/kubernetes.go:210.2,211.16 2 2
github.com/konflux-ci/gitops-registration-service/internal/services/kubernetes.go:211.16,213.3 1 0
github.com/konflux-ci/gitops-registration-service/internal/services/kubernetes.go:215.2,220.12 2 2
github.com/konflux-ci/gitops-registration-service/internal/services/kubernetes.go:223.93,225.16 2 9
github.com/konflux-ci/gitops-registration-service/internal/services/kubernetes.go:225.16,226.29 1 7
github.com/konflux-ci/gitops-registration-service/internal/services/kubernetes.go:226.29,228.4 1 7
github.com/konflux-ci/gitops-registration-service/internal/services/kubernetes.go:229.3,229.75 1 0
github.com/konflux-ci/gitops-registration-service/internal/services/kubernetes.go:231.2,231.18 1 2
github.com/konflux-ci/gitops-registration-service/internal/services/kubernetes.go:234.79,236.16 2 3
github.com/konflux-ci/gitops-registration-service/internal/services/kubernetes.go:236.16,238.3 1 0
github.com/konflux-ci/gitops-registration-service/internal/services/kubernetes.go:239.2,239.35 1 3
github.com/konflux-ci/gitops-registration-service/internal/services/kubernetes.go:242.101,261.16 4 11
github.com/konflux-ci/gitops-registration-service/internal/services/kubernetes.go:261.16,262.34 1 0
github.com/konflux-ci/gitops-registration-service/internal/services/kubernetes.go:262.34,268.4 2 0
github.com/konflux-ci/gitops-registration-service/internal/services/kubernetes.go:269.3,269.101 1 0
github.com/konflux-ci/gitops-registration-service/internal/services/kubernetes.go:272.2,276.12 2 11
github.com/konflux-ci/gitops-registration-service/internal/services/kubernetes.go:279.120,312.16 4 13
github.com/konflux-ci/gitops-registration-service/internal/services/kubernetes.go:312.16,313.34 1 1
github.com/konflux-ci/gitops-registration-service/internal/services/kubernetes.go:313.34,321.4 2 1
github.com/konflux-ci/gitops-registration-service/internal/services/kubernetes.go:322.3,322.98 1 0
github.com/konflux-ci/gitops-registration-service/internal/services/kubernetes.go:325.2,331.12 2 12
github.com/konflux-ci/gitops-registration-service/internal/services/kubernetes.go:335.115,343.16 3 25
github.com/konflux-ci/gitops-registration-service/internal/services/kubernetes.go:343.16,344.29 1 16
github.com/konflux-ci/gitops-registration-service/internal/services/kubernetes.go:344.29,346.4 1 16
github.com/konflux-ci/gitops-registration-service/internal/services/kubernetes.go:347.3,347.72 1 0
github.com/konflux-ci/gitops-registration-service/internal/services/kubernetes.go:350.2,353.41 2 9
github.com/konflux-ci/gitops-registration-service/internal/services/kubernetes.go:353.41,358.3 4 11
github.com/konflux-ci/gitops-registration-service/internal/services/kubernetes.go:360.2,360.24 1 9
github.com/konflux-ci/gitops-registration-service/internal/services/kubernetes.go:364.117,365.90 1 11
github.com/konflux-ci/gitops-registration-service/internal/services/kubernetes.go:365.90,368.3 2 2
github.com/konflux-ci/gitops-registration-service/internal/services/kubernetes.go:372.122,373.69 1 11
github.com/konflux-ci/gitops-registration-service/internal/services/kubernetes.go:373.69,375.3 1 3
github.com/konflux-ci/gitops-registration-service/internal/services/kubernetes.go:377.2,377.42 1 8
github.com/konflux-ci/gitops-registration-service/internal/services/kubernetes.go:377.42,378.50 1 9
github.com/konflux-ci/gitops-registration-service/internal/services/kubernetes.go:378.50,381.9 3 6
github.com/konflux-ci/gitops-registration-service/internal/services/kubernetes.go:387.118,392.38 4 11
github.com/konflux-ci/gitops-registration-service/internal/services/kubernetes.go:392.38,393.33 1 26
github.com/konflux-ci/gitops-registration-service/internal/services/kubernetes.go:393.33,395.9 2 6
github.com/konflux-ci/gitops-registration-service/internal/services/kubernetes.go:399.2,399.23 1 11
github.com/konflux-ci/gitops-registration-service/internal/services/kubernetes.go:399.23,401.3 1 5
github.com/konflux-ci/gitops-registration-service/internal/services/kubernetes.go:403.2,403.42 1 6
github.com/konflux-ci/gitops-registration-service/internal/services/kubernetes.go:403.42,404.68 1 8
github.com/konflux-ci/gitops-registration-service/internal/services/kubernetes.go:404.68,407.4 2 7
github.com/konflux-ci/gitops-registration-service/internal/services/kubernetes.go:412.131,425.16 3 5
github.com/konflux-ci/gitops-registration-service/internal/services/kubernetes.go:425.16,427.3 1 0
github.com/konflux-ci/gitops-registration-service/internal/services/kubernetes.go:429.2,430.26 2 5
github.com/konflux-ci/gitops-registration-service/internal/services/kubernetes.go:434.148,459.16 3 4
github.com/konflux-ci/gitops-registration-service/internal/services/kubernetes.go:459.16,461.3 1 0
github.com/konflux-ci/gitops-registration-service/internal/services/kubernetes.go:463.2,464.12 2 4
github.com/konflux-ci/gitops-registration-service/internal/services/kubernetes.go:468.111,473.2 1 5
github.com/konflux-ci/gitops-registration-service/internal/services/kubernetes.go:476.49,477.26 1 74
github.com/konflux-ci/gitops-registration-service/internal/services/kubernetes.go:477.26,478.28 1 149
github.com/konflux-ci/gitops-registration-service/internal/services/kubernetes.go:478.28,480.4 1 30
github.com/konflux-ci/gitops-registration-service/internal/services/kubernetes.go:482.2,482.14 1 44
github.com/konflux-ci/gitops-registration-service/internal/services/kubernetes.go:485.46,486.29 1 21
github.com/konflux-ci/gitops-registration-service/internal/services/kubernetes.go:486.29,487.29 1 20
github.com/konflux-ci/gitops-registration-service/internal/services/kubernetes.go:487.29,489.4 1 12
github.com/konflux-ci/gitops-registration-service/internal/services/kubernetes.go:491.2,491.13 1 9
github.com/konflux-ci/gitops-registration-service/internal/services/registration.go:27.49,29.2 1 4
github.com/konflux-ci/gitops-registration-service/internal/services/registration.go:32.53,34.16 2 10
github.com/konflux-ci/gitops-registration-service/internal/services/registration.go:34.16,37.3 1 1
github.com/konflux-ci/gitops-registration-service/internal/services/registration.go:39.2,40.18 2 9
github.com/konflux-ci/gitops-registration-service/internal/services/registration.go:40.18,42.3 1 2
github.com/konflux-ci/gitops-registration-service/internal/services/registration.go:45.2,48.22 2 9
github.com/konflux-ci/gitops-registration-service/internal/services/registration.go:48.22,50.3 1 0
github.com/konflux-ci/gitops-registration-service/internal/services/registration.go:52.2,52.15 1 9
github.com/konflux-ci/gitops-registration-service/internal/services/registration.go:66.23,73.2 1 17
github.com/konflux-ci/gitops-registration-service/internal/services/registration.go:75.132,85.76 3 1
github.com/konflux-ci/gitops-registration-service/internal/services/registration.go:85.76,87.3 1 0
github.com/konflux-ci/gitops-registration-service/internal/services/registration.go:90.2,90.76 1 1
github.com/konflux-ci/gitops-registration-service/internal/services/registration.go:90.76,92.3 1 1
github.com/konflux-ci/gitops-registration-service/internal/services/registration.go:95.2,98.67 2 0
github.com/konflux-ci/gitops-registration-service/internal/services/registration.go:98.67,102.3 3 0
github.com/konflux-ci/gitops-registration-service/internal/services/registration.go:105.2,106.16 2 0
github.com/konflux-ci/gitops-registration-service/internal/services/registration.go:106.16,109.79 3 0
github.com/konflux-ci/gitops-registration-service/internal/services/registration.go:109.79,111.4 1 0
github.com/konflux-ci/gitops-registration-service/internal/services/registration.go:112.3,112.69 1 0
github.com/konflux-ci/gitops-registration-service/internal/services/registration.go:116.2,117.16 2 0
github.com/konflux-ci/gitops-registration-service/internal/services/registration.go:117.16,120.79 3 0
github.com/konflux-ci/gitops-registration-service/internal/services/registration.go:120.79,122.4 1 0
github.com/konflux-ci/gitops-registration-service/internal/services/registration.go:123.3,123.70 1 0
github.com/konflux-ci/gitops-registration-service/internal/services/registration.go:127.2,138.26 3 0
github.com/konflux-ci/gitops-registration-service/internal/services/registration.go:142.99,143.43 1 9
github.com/konflux-ci/gitops-registration-service/internal/services/registration.go:143.43,145.3 1 3
github.com/konflux-ci/gitops-registration-service/internal/services/registration.go:147.2,149.16 3 6
github.com/konflux-ci/gitops-registration-service/internal/services/registration.go:149.16,151.3 1 2
github.com/konflux-ci/gitops-registration-service/internal/services/registration.go:152.2,152.20 1 4
github.com/konflux-ci/gitops-registration-service/internal/services/registration.go:152.20,154.3 1 2
github.com/konflux-ci/gitops-registration-service/internal/services/registration.go:155.2,155.12 1 2
github.com/konflux-ci/gitops-registration-service/internal/services/registration.go:159.106,161.16 2 7
github.com/konflux-ci/gitops-registration-service/internal/services/registration.go:161.16,163.3 1 2
github.com/konflux-ci/gitops-registration-service/internal/services/registration.go:164.2,164.12 1 5
github.com/konflux-ci/gitops-registration-service/internal/services/registration.go:164.12,166.3 1 3
github.com/konflux-ci/gitops-registration-service/internal/services/registration.go:167.2,167.12 1 2
github.com/konflux-ci/gitops-registration-service/internal/services/registration.go:171.130,190.2 1 2
github.com/konflux-ci/gitops-registration-service/internal/services/registration.go:193.128,214.2 6 4
github.com/konflux-ci/gitops-registration-service/internal/services/registration.go:217.106,218.42 1 12
github.com/konflux-ci/gitops-registration-service/internal/services/registration.go:218.42,220.3 1 6
github.com/konflux-ci/gitops-registration-service/internal/services/registration.go:221.2,221.52 1 6
github.com/konflux-ci/gitops-registration-service/internal/services/registration.go:225.123,230.16 4 6
github.com/konflux-ci/gitops-registration-service/internal/services/registration.go:230.16,232.3 1 2
github.com/konflux-ci/gitops-registration-service/internal/services/registration.go:234.2,236.126 3 4
github.com/konflux-ci/gitops-registration-service/internal/services/registration.go:236.126,238.3 1 2
github.com/konflux-ci/gitops-registration-service/internal/services/registration.go:240.2,240.27 1 2
github.com/konflux-ci/gitops-registration-service/internal/services/registration.go:244.112,246.87 2 6
github.com/konflux-ci/gitops-registration-service/internal/services/registration.go:246.87,248.3 1 2
github.com/konflux-ci/gitops-registration-service/internal/services/registration.go:250.2,251.116 2 4
github.com/konflux-ci/gitops-registration-service/internal/services/registration.go:251.116,253.3 1 2
github.com/konflux-ci/gitops-registration-service/internal/services/registration.go:255.2,255.32 1 2
github.com/konflux-ci/gitops-registration-service/internal/services/registration.go:259.173,263.67 3 6
github.com/konflux-ci/gitops-registration-service/internal/services/registration.go:263.67,265.3 1 2
github.com/konflux-ci/gitops-registration-service/internal/services/registration.go:267.2,282.69 3 4
github.com/konflux-ci/gitops-registration-service/internal/services/registration.go:282.69,284.3 1 2
github.com/konflux-ci/gitops-registration-service/internal/services/registration.go:286.2,286.34 1 2
github.com/konflux-ci/gitops-registration-service/internal/services/registration.go:290.135,300.2 9 2
github.com/konflux-ci/gitops-registration-service/internal/services/registration.go:302.108,311.2 1 2
github.com/konflux-ci/gitops-registration-service/internal/services/registration.go:315.34,318.2 1 2
github.com/konflux-ci/gitops-registration-service/internal/services/registration.go:320.88,324.2 2 1
github.com/konflux-ci/gitops-registration-service/internal/services/registration.go:326.170,337.80 3 3
github.com/konflux-ci/gitops-registration-service/internal/services/registration.go:337.80,339.3 1 3
github.com/konflux-ci/gitops-registration-service/internal/services/registration.go:342.2,345.93 2 0
github.com/konflux-ci/gitops-registration-service/internal/services/registration.go:345.93,349.3 3 0
github.com/konflux-ci/gitops-registration-service/internal/services/registration.go:352.2,356.16 3 0
github.com/konflux-ci/gitops-registration-service/internal/services/registration.go:356.16,359.87 3 0
github.com/konflux-ci/gitops-registration-service/internal/services/registration.go:359.87,361.4 1 0
github.com/konflux-ci/gitops-registration-service/internal/services/registration.go:362.3,362.70 1 0
github.com/konflux-ci/gitops-registration-service/internal/services/registration.go:366.2,376.26 3 0
github.com/konflux-ci/gitops-registration-service/internal/services/registration.go:380.102,382.16 2 3
github.com/konflux-ci/gitops-registration-service/internal/services/registration.go:382.16,384.3 1 0
github.com/konflux-ci/gitops-registration-service/internal/services/registration.go:385.2,385.13 1 3
github.com/konflux-ci/gitops-registration-service/internal/services/registration.go:385.13,387.3 1 3
github.com/konflux-ci/gitops-registration-service/internal/services/registration.go:388.2,388.12 1 0
github.com/konflux-ci/gitops-registration-service/internal/services/registration.go:392.146,411.2 1 0
github.com/konflux-ci/gitops-registration-service/internal/services/registration.go:414.115,418.87 3 0
github.com/konflux-ci/gitops-registration-service/internal/services/registration.go:418.87,420.3 1 0
github.com/konflux-ci/gitops-registration-service/internal/services/registration.go:422.2,423.116 2 0
github.com/konflux-ci/gitops-registration-service/internal/services/registration.go:423.116,425.3 1 0
github.com/konflux-ci/gitops-registration-service/internal/services/registration.go:427.2,427.12 1 0
github.com/konflux-ci/gitops-registration-service/internal/services/registration.go:431.144,452.16 7 0
github.com/konflux-ci/gitops-registration-service/internal/services/registration.go:452.16,454.3 1 0
github.com/konflux-ci/gitops-registration-service/internal/services/registration.go:458.171,462.67 3 0
github.com/konflux-ci/gitops-registration-service/internal/services/registration.go:462.67,464.3 1 0
github.com/konflux-ci/gitops-registration-service/internal/services/registration.go:466.2,481.69 3 0
github.com/konflux-ci/gitops-registration-service/internal/services/registration.go:481.69,483.3 1 0
github.com/konflux-ci/gitops-registration-service/internal/services/registration.go:485.2,485.34 1 0
github.com/konflux-ci/gitops-registration-service/internal/services/registration.go:489.158,499.2 9 0
github.com/konflux-ci/gitops-registration-service/internal/services/registration.go:501.111,503.25 1 3
github.com/konflux-ci/gitops-registration-service/internal/services/registration.go:503.25,505.3 1 1
github.com/konflux-ci/gitops-registration-service/internal/services/registration.go:506.2,506.30 1 2
github.com/konflux-ci/gitops-registration-service/internal/services/registration.go:506.30,508.3 1 1
github.com/konflux-ci/gitops-registration-service/internal/services/registration.go:510.2,510.12 1 1
github.com/konflux-ci/gitops-registration-service/internal/services/registration.go:515.9,517.33 1 3
github.com/konflux-ci/gitops-registration-service/internal/services/registration.go:517.33,519.3 1 1
github.com/konflux-ci/gitops-registration-service/internal/services/registration.go:520.2,520.30 1 2
github.com/konflux-ci/gitops-registration-service/internal/services/registration.go:520.30,522.3 1 1
github.com/konflux-ci/gitops-registration-service/internal/services/registration.go:524.2,524.12 1 1
github.com/konflux-ci/gitops-registration-service/internal/services/registration.go:529.21,551.42 3 12
github.com/konflux-ci/gitops-registration-service/internal/services/registration.go:551.42,559.3 1 1
github.com/konflux-ci/gitops-registration-service/internal/services/registration.go:562.2,562.47 1 12
github.com/konflux-ci/gitops-registration-service/internal/services/registration.go:562.47,566.3 2 1
github.com/konflux-ci/gitops-registration-service/internal/services/registration.go:566.8,566.53 1 11
github.com/konflux-ci/gitops-registration-service/internal/services/registration.go:566.53,570.3 2 1
github.com/konflux-ci/gitops-registration-service/internal/services/registration.go:574.2,574.19 1 12
github.com/konflux-ci/gitops-registration-service/internal/services/registration.go:578.143,580.43 2 4
github.com/konflux-ci/gitops-registration-service/internal/services/registration.go:580.43,585.3 1 6
github.com/konflux-ci/gitops-registration-service/internal/services/registration.go:586.2,586.15 1 4
github.com/konflux-ci/gitops-registration-service/internal/services/services.go:20.58,23.2 2 22
github.com/konflux-ci/gitops-registration-service/internal/services/services.go:102.72,106.2 3 3
github.com/konflux-ci/gitops-registration-service/internal/services/services.go:109.156,112.16 2 10
github.com/konflux-ci/gitops-registration-service/internal/services/services.go:112.16,114.3 1 4
github.com/konflux-ci/gitops-registration-service/internal/services/services.go:117.2,118.16 2 6
github.com/konflux-ci/gitops-registration-service/internal/services/services.go:118.16,120.3 1 1
github.com/konflux-ci/gitops-registration-service/internal/services/services.go:123.2,137.8 4 5
github.com/konflux-ci/gitops-registration-service/internal/services/stubs.go:24.97,26.2 1 6
github.com/konflux-ci/gitops-registration-service/internal/services/stubs.go:28.72,31.2 1 2
github.com/konflux-ci/gitops-registration-service/internal/services/stubs.go:33.115,37.2 2 1
github.com/konflux-ci/gitops-registration-service/internal/services/stubs.go:41.9,44.2 2 1
github.com/konflux-ci/gitops-registration-service/internal/services/stubs.go:46.89,50.2 2 1
github.com/konflux-ci/gitops-registration-service/internal/services/stubs.go:52.121,59.2 2 1
github.com/konflux-ci/gitops-registration-service/internal/services/stubs.go:63.9,66.2 2 1
github.com/konflux-ci/gitops-registration-service/internal/services/stubs.go:68.97,71.2 1 1
github.com/konflux-ci/gitops-registration-service/internal/services/stubs.go:73.83,76.2 1 1
github.com/konflux-ci/gitops-registration-service/internal/services/stubs.go:78.105,85.2 2 1
github.com/konflux-ci/gitops-registration-service/internal/services/stubs.go:87.124,96.2 2 1
github.com/konflux-ci/gitops-registration-service/internal/services/stubs.go:99.119,109.2 1 1
github.com/konflux-ci/gitops-registration-service/internal/services/stubs.go:114.19,118.2 3 1
github.com/konflux-ci/gitops-registration-service/internal/services/stubs.go:123.9,127.2 2 1
github.com/konflux-ci/gitops-registration-service/internal/services/stubs.go:130.115,133.2 1 1
github.com/konflux-ci/gitops-registration-service/internal/services/stubs.go:140.89,142.2 1 5
github.com/konflux-ci/gitops-registration-service/internal/services/stubs.go:144.68,147.2 1 2
github.com/konflux-ci/gitops-registration-service/internal/services/stubs.go:149.100,153.2 2 1
github.com/konflux-ci/gitops-registration-service/internal/services/stubs.go:155.86,159.2 2 1
github.com/konflux-ci/gitops-registration-service/internal/services/stubs.go:161.98,165.2 2 1
github.com/konflux-ci/gitops-registration-service/internal/services/stubs.go:167.87,171.2 2 1
github.com/konflux-ci/gitops-registration-service/internal/services/stubs.go:173.118,181.2 2 1
github.com/konflux-ci/gitops-registration-service/internal/services/stubs.go:183.112,185.37 2 1
github.com/konflux-ci/gitops-registration-service/internal/services/stubs.go:185.37,190.3 1 2
github.com/konflux-ci/gitops-registration-service/internal/services/stubs.go:191.2,191.15 1 1
github.com/konflux-ci/gitops-registration-service/internal/services/stubs.go:195.111,198.2 1 1
github.com/konflux-ci/gitops-registration-service/internal/services/stubs.go:207.117,213.2 1 7
github.com/konflux-ci/gitops-registration-service/internal/services/stubs.go:217.9,220.2 2 1
github.com/konflux-ci/gitops-registration-service/internal/services/stubs.go:222.112,229.2 1 1
github.com/konflux-ci/gitops-registration-service/internal/services/stubs.go:231.79,234.2 1 1
github.com/konflux-ci/gitops-registration-service/internal/services/stubs.go:242.106,247.2 1 7
github.com/konflux-ci/gitops-registration-service/internal/services/stubs.go:251.45,257.2 2 2
github.com/konflux-ci/gitops-registration-service/internal/services/stubs.go:259.91,260.44 1 2
github.com/konflux-ci/gitops-registration-service/internal/services/stubs.go:260.44,262.3 1 1
github.com/konflux-ci/gitops-registration-service/internal/services/stubs.go:263.2,263.12 1 1
github.com/konflux-ci/gitops-registration-service/internal/services/stubs.go:276.23,279.2 2 3
github.com/konflux-ci/gitops-registration-service/internal/services/stubs.go:283.32,302.2 2 1
github.com/konflux-ci/gitops-registration-service/internal/services/stubs.go:304.112,307.2 1 1
github.com/konflux-ci/gitops-registration-service/internal/services/stubs.go:311.34,314.2 2 1
github.com/konflux-ci/gitops-registration-service/internal/services/stubs.go:316.92,320.2 2 1
github.com/konflux-ci/gitops-registration-service/internal/services/stubs.go:324.32,349.2 2 1
github.com/konflux-ci/gitops-registration-service/internal/services/stubs.go:351.115,355.25 2 1
github.com/konflux-ci/gitops-registration-service/internal/services/stubs.go:355.25,357.3 1 0
github.com/konflux-ci/gitops-registration-service/internal/services/stubs.go:358.2,358.30 1 1
github.com/konflux-ci/gitops-registration-service/internal/services/stubs.go:358.30,360.3 1 0
github.com/konflux-ci/gitops-registration-service/internal/services/stubs.go:362.2,362.12 1 1
github.com/konflux-ci/gitops-registration-service/internal/services/stubs.go:367.9,370.2 2 1
github.com/konflux-ci/gitops-registration-service/internal/services/stubs.go:373.38,375.44 2 1
github.com/konflux-ci/gitops-registration-service/internal/services/stubs.go:375.44,377.3 1 0
github.com/konflux-ci/gitops-registration-service/internal/services/stubs.go:378.2,378.43 1 1
github.com/konflux-ci/gitops-registration-service/internal/handlers/handlers.go:15.47,17.2 1 4
github.com/konflux-ci/gitops-registration-service/internal/handlers/handlers.go:20.48,22.2 1 3
github.com/konflux-ci/gitops-registration-service/internal/handlers/handlers.go:31.102,36.2 1 16
github.com/konflux-ci/gitops-registration-service/internal/handlers/handlers.go:39.90,41.61 2 9
github.com/konflux-ci/gitops-registration-service/internal/handlers/handlers.go:41.61,44.3 2 1
github.com/konflux-ci/gitops-registration-service/internal/handlers/handlers.go:47.2,48.16 2 8
github.com/konflux-ci/gitops-registration-service/internal/handlers/handlers.go:48.16,51.3 2 3
github.com/konflux-ci/gitops-registration-service/internal/handlers/handlers.go:54.2,54.108 1 5
github.com/konflux-ci/gitops-registration-service/internal/handlers/handlers.go:54.108,57.3 2 1
github.com/konflux-ci/gitops-registration-service/internal/handlers/handlers.go:60.2,60.104 1 4
github.com/konflux-ci/gitops-registration-service/internal/handlers/handlers.go:60.104,63.3 2 1
github.com/konflux-ci/gitops-registration-service/internal/handlers/handlers.go:65.2,69.16 3 3
github.com/konflux-ci/gitops-registration-service/internal/handlers/handlers.go:69.16,73.36 2 2
github.com/konflux-ci/gitops-registration-service/internal/handlers/handlers.go:73.36,76.4 2 1
github.com/konflux-ci/gitops-registration-service/internal/handlers/handlers.go:77.3,77.37 1 1
github.com/konflux-ci/gitops-registration-service/internal/handlers/handlers.go:77.37,80.4 2 1
github.com/konflux-ci/gitops-registration-service/internal/handlers/handlers.go:82.3,83.9 2 0
github.com/konflux-ci/gitops-registration-service/internal/handlers/handlers.go:86.2,87.64 2 1
github.com/konflux-ci/gitops-registration-service/internal/handlers/handlers.go:87.64,89.3 1 0
github.com/konflux-ci/gitops-registration-service/internal/handlers/handlers.go:93.97,95.61 2 7
github.com/konflux-ci/gitops-registration-service/internal/handlers/handlers.go:95.61,98.3 2 1
github.com/konflux-ci/gitops-registration-service/internal/handlers/handlers.go:101.2,101.100 1 6
github.com/konflux-ci/gitops-registration-service/internal/handlers/handlers.go:101.100,104.3 2 1
github.com/konflux-ci/gitops-registration-service/internal/handlers/handlers.go:107.2,108.16 2 5
github.com/konflux-ci/gitops-registration-service/internal/handlers/handlers.go:108.16,111.3 2 1
github.com/konflux-ci/gitops-registration-service/internal/handlers/handlers.go:114.2,115.20 2 4
github.com/konflux-ci/gitops-registration-service/internal/handlers/handlers.go:115.20,124.3 3 2
github.com/konflux-ci/gitops-registration-service/internal/handlers/handlers.go:127.2,128.16 2 2
github.com/konflux-ci/gitops-registration-service/internal/handlers/handlers.go:128.16,133.3 3 1
github.com/konflux-ci/gitops-registration-service/internal/handlers/handlers.go:135.2,136.64 2 1
github.com/konflux-ci/gitops-registration-service/internal/handlers/handlers.go:136.64,138.3 1 0
github.com/konflux-ci/gitops-registration-service/internal/handlers/handlers.go:142.89,145.66 2 2
github.com/konflux-ci/gitops-registration-service/internal/handlers/handlers.go:145.66,147.3 1 0
github.com/konflux-ci/gitops-registration-service/internal/handlers/handlers.go:149.2,150.16 2 2
github.com/konflux-ci/gitops-registration-service/internal/handlers/handlers.go:150.16,154.3 3 1
github.com/konflux-ci/gitops-registration-service/internal/handlers/handlers.go:156.2,157.65 2 1
github.com/konflux-ci/gitops-registration-service/internal/handlers/handlers.go:157.65,159.3 1 0
github.com/konflux-ci/gitops-registration-service/internal/handlers/handlers.go:163.87,165.14 2 3
github.com/konflux-ci/gitops-registration-service/internal/handlers/handlers.go:165.14,168.3 2 1
github.com/konflux-ci/gitops-registration-service/internal/handlers/handlers.go:170.2,171.16 2 2
github.com/konflux-ci/gitops-registration-service/internal/handlers/handlers.go:171.16,174.3 2 1
github.com/konflux-ci/gitops-registration-service/internal/handlers/handlers.go:176.2,177.64 2 1
github.com/konflux-ci/gitops-registration-service/internal/handlers/handlers.go:177.64,179.3 1 0
github.com/konflux-ci/gitops-registration-service/internal/handlers/handlers.go:183.90,185.14 2 2
github.com/konflux-ci/gitops-registration-service/internal/handlers/handlers.go:185.14,188.3 2 1
github.com/konflux-ci/gitops-registration-service/internal/handlers/handlers.go:190.2,190.84 1 1
github.com/konflux-ci/gitops-registration-service/internal/handlers/handlers.go:190.84,194.3 3 0
github.com/konflux-ci/gitops-registration-service/internal/handlers/handlers.go:196.2,196.37 1 1
github.com/konflux-ci/gitops-registration-service/internal/handlers/handlers.go:200.93,202.14 2 3
github.com/konflux-ci/gitops-registration-service/internal/handlers/handlers.go:202.14,205.3 2 1
github.com/konflux-ci/gitops-registration-service/internal/handlers/handlers.go:207.2,208.16 2 2
github.com/konflux-ci/gitops-registration-service/internal/handlers/handlers.go:208.16,211.3 2 1
github.com/konflux-ci/gitops-registration-service/internal/handlers/handlers.go:213.2,214.71 2 1
github.com/konflux-ci/gitops-registration-service/internal/handlers/handlers.go:214.71,216.3 1 0
github.com/konflux-ci/gitops-registration-service/internal/handlers/handlers.go:220.88,222.14 2 2
github.com/konflux-ci/gitops-registration-service/internal/handlers/handlers.go:222.14,225.3 2 1
github.com/konflux-ci/gitops-registration-service/internal/handlers/handlers.go:228.2,236.60 4 1
github.com/konflux-ci/gitops-registration-service/internal/handlers/handlers.go:236.60,238.3 1 0
github.com/konflux-ci/gitops-registration-service/internal/handlers/handlers.go:244.89,247.22 2 17
github.com/konflux-ci/gitops-registration-service/internal/handlers/handlers.go:247.22,249.3 1 3
github.com/konflux-ci/gitops-registration-service/internal/handlers/handlers.go:252.2,253.25 2 14
github.com/konflux-ci/gitops-registration-service/internal/handlers/handlers.go:253.25,255.3 1 2
github.com/konflux-ci/gitops-registration-service/internal/handlers/handlers.go:257.2,257.69 1 12
github.com/konflux-ci/gitops-registration-service/internal/handlers/handlers.go:261.116,267.17 2 21
github.com/konflux-ci/gitops-registration-service/internal/handlers/handlers.go:267.17,269.3 1 0
github.com/konflux-ci/gitops-registration-service/cmd/server/main.go:16.13,24.16 5 0
github.com/konflux-ci/gitops-registration-service/cmd/server/main.go:24.16,26.3 1 0
github.com/konflux-ci/gitops-registration-service/cmd/server/main.go:29.2,29.84 1 0
github.com/konflux-ci/gitops-registration-service/cmd/server/main.go:29.84,31.3 1 0
github.com/konflux-ci/gitops-registration-service/cmd/server/main.go:34.2,35.16 2 0
github.com/konflux-ci/gitops-registration-service/cmd/server/main.go:35.16,37.3 1 0
github.com/konflux-ci/gitops-registration-service/cmd/server/main.go:40.2,44.12 3 0
github.com/konflux-ci/gitops-registration-service/cmd/server/main.go:44.12,46.71 2 0
github.com/konflux-ci/gitops-registration-service/cmd/server/main.go:46.71,48.4 1 0
github.com/konflux-ci/gitops-registration-service/cmd/server/main.go:52.2,62.50 7 0
github.com/konflux-ci/gitops-registration-service/cmd/server/main.go:62.50,64.3 1 0
github.com/konflux-ci/gitops-registration-service/cmd/server/main.go:64.8,66.3 1 0
