mode: set
github.com/konflux-ci/gitops-registration-service/internal/config/config.go:102.30,107.62 2 1
github.com/konflux-ci/gitops-registration-service/internal/config/config.go:107.62,108.55 1 1
github.com/konflux-ci/gitops-registration-service/internal/config/config.go:108.55,110.4 1 1
github.com/konflux-ci/gitops-registration-service/internal/config/config.go:114.2,117.116 2 1
github.com/konflux-ci/gitops-registration-service/internal/config/config.go:117.116,119.3 1 1
github.com/konflux-ci/gitops-registration-service/internal/config/config.go:121.2,121.17 1 1
github.com/konflux-ci/gitops-registration-service/internal/config/config.go:125.33,175.2 1 1
github.com/konflux-ci/gitops-registration-service/internal/config/config.go:178.45,179.43 1 1
github.com/konflux-ci/gitops-registration-service/internal/config/config.go:179.43,180.47 1 1
github.com/konflux-ci/gitops-registration-service/internal/config/config.go:180.47,182.4 1 1
github.com/konflux-ci/gitops-registration-service/internal/config/config.go:185.2,185.59 1 1
github.com/konflux-ci/gitops-registration-service/internal/config/config.go:185.59,187.3 1 1
github.com/konflux-ci/gitops-registration-service/internal/config/config.go:189.2,189.68 1 1
github.com/konflux-ci/gitops-registration-service/internal/config/config.go:189.68,191.3 1 1
github.com/konflux-ci/gitops-registration-service/internal/config/config.go:193.2,193.77 1 1
github.com/konflux-ci/gitops-registration-service/internal/config/config.go:193.77,195.3 1 1
github.com/konflux-ci/gitops-registration-service/internal/config/config.go:197.2,197.75 1 1
github.com/konflux-ci/gitops-registration-service/internal/config/config.go:197.75,199.3 1 1
github.com/konflux-ci/gitops-registration-service/internal/config/config.go:201.2,201.85 1 1
github.com/konflux-ci/gitops-registration-service/internal/config/config.go:201.85,203.3 1 1
github.com/konflux-ci/gitops-registration-service/internal/config/config.go:205.2,205.87 1 1
github.com/konflux-ci/gitops-registration-service/internal/config/config.go:205.87,206.72 1 1
github.com/konflux-ci/gitops-registration-service/internal/config/config.go:206.72,208.4 1 1
github.com/konflux-ci/gitops-registration-service/internal/config/config.go:211.2,211.82 1 1
github.com/konflux-ci/gitops-registration-service/internal/config/config.go:211.82,213.3 1 1
github.com/konflux-ci/gitops-registration-service/internal/config/config.go:217.51,222.39 2 1
github.com/konflux-ci/gitops-registration-service/internal/config/config.go:222.39,224.3 1 0
github.com/konflux-ci/gitops-registration-service/internal/config/config.go:227.2,227.69 1 1
github.com/konflux-ci/gitops-registration-service/internal/config/config.go:227.69,229.3 1 0
github.com/konflux-ci/gitops-registration-service/internal/config/config.go:231.2,232.16 2 1
github.com/konflux-ci/gitops-registration-service/internal/config/config.go:232.16,234.3 1 1
github.com/konflux-ci/gitops-registration-service/internal/config/config.go:236.2,236.34 1 1
github.com/konflux-ci/gitops-registration-service/internal/config/config.go:240.91,242.45 1 1
github.com/konflux-ci/gitops-registration-service/internal/config/config.go:242.45,244.3 1 1
github.com/konflux-ci/gitops-registration-service/internal/config/config.go:247.2,247.37 1 1
github.com/konflux-ci/gitops-registration-service/internal/config/config.go:247.37,248.26 1 1
github.com/konflux-ci/gitops-registration-service/internal/config/config.go:248.26,250.4 1 1
github.com/konflux-ci/gitops-registration-service/internal/config/config.go:255.2,255.36 1 1
github.com/konflux-ci/gitops-registration-service/internal/config/config.go:255.36,256.26 1 1
github.com/konflux-ci/gitops-registration-service/internal/config/config.go:256.26,258.4 1 1
github.com/konflux-ci/gitops-registration-service/internal/config/config.go:262.2,262.12 1 1
github.com/konflux-ci/gitops-registration-service/internal/config/config.go:266.54,267.39 1 1
github.com/konflux-ci/gitops-registration-service/internal/config/config.go:267.39,269.3 1 1
github.com/konflux-ci/gitops-registration-service/internal/config/config.go:271.2,271.48 1 1
github.com/konflux-ci/gitops-registration-service/internal/config/config.go:271.48,273.3 1 1
github.com/konflux-ci/gitops-registration-service/internal/config/config.go:275.2,275.59 1 1
github.com/konflux-ci/gitops-registration-service/internal/config/config.go:275.59,277.3 1 1
github.com/konflux-ci/gitops-registration-service/internal/config/config.go:279.2,279.12 1 1
github.com/konflux-ci/gitops-registration-service/internal/handlers/handlers.go:15.47,17.2 1 1
github.com/konflux-ci/gitops-registration-service/internal/handlers/handlers.go:20.48,22.2 1 1
github.com/konflux-ci/gitops-registration-service/internal/handlers/handlers.go:31.102,36.2 1 1
github.com/konflux-ci/gitops-registration-service/internal/handlers/handlers.go:39.90,41.61 2 1
github.com/konflux-ci/gitops-registration-service/internal/handlers/handlers.go:41.61,44.3 2 1
github.com/konflux-ci/gitops-registration-service/internal/handlers/handlers.go:47.2,48.16 2 1
github.com/konflux-ci/gitops-registration-service/internal/handlers/handlers.go:48.16,51.3 2 1
github.com/konflux-ci/gitops-registration-service/internal/handlers/handlers.go:54.2,54.108 1 1
github.com/konflux-ci/gitops-registration-service/internal/handlers/handlers.go:54.108,57.3 2 1
github.com/konflux-ci/gitops-registration-service/internal/handlers/handlers.go:60.2,60.104 1 1
github.com/konflux-ci/gitops-registration-service/internal/handlers/handlers.go:60.104,63.3 2 1
github.com/konflux-ci/gitops-registration-service/internal/handlers/handlers.go:65.2,69.16 3 1
github.com/konflux-ci/gitops-registration-service/internal/handlers/handlers.go:69.16,73.36 2 1
github.com/konflux-ci/gitops-registration-service/internal/handlers/handlers.go:73.36,76.4 2 1
github.com/konflux-ci/gitops-registration-service/internal/handlers/handlers.go:77.3,77.37 1 1
github.com/konflux-ci/gitops-registration-service/internal/handlers/handlers.go:77.37,80.4 2 1
github.com/konflux-ci/gitops-registration-service/internal/handlers/handlers.go:82.3,83.9 2 0
github.com/konflux-ci/gitops-registration-service/internal/handlers/handlers.go:86.2,87.64 2 1
github.com/konflux-ci/gitops-registration-service/internal/handlers/handlers.go:87.64,89.3 1 0
github.com/konflux-ci/gitops-registration-service/internal/handlers/handlers.go:93.97,95.61 2 1
github.com/konflux-ci/gitops-registration-service/internal/handlers/handlers.go:95.61,98.3 2 1
github.com/konflux-ci/gitops-registration-service/internal/handlers/handlers.go:101.2,101.100 1 1
github.com/konflux-ci/gitops-registration-service/internal/handlers/handlers.go:101.100,104.3 2 1
github.com/konflux-ci/gitops-registration-service/internal/handlers/handlers.go:107.2,108.16 2 1
github.com/konflux-ci/gitops-registration-service/internal/handlers/handlers.go:108.16,111.3 2 1
github.com/konflux-ci/gitops-registration-service/internal/handlers/handlers.go:114.2,115.20 2 1
github.com/konflux-ci/gitops-registration-service/internal/handlers/handlers.go:115.20,124.3 3 1
github.com/konflux-ci/gitops-registration-service/internal/handlers/handlers.go:127.2,128.16 2 1
github.com/konflux-ci/gitops-registration-service/internal/handlers/handlers.go:128.16,133.3 3 1
github.com/konflux-ci/gitops-registration-service/internal/handlers/handlers.go:135.2,136.64 2 1
github.com/konflux-ci/gitops-registration-service/internal/handlers/handlers.go:136.64,138.3 1 0
github.com/konflux-ci/gitops-registration-service/internal/handlers/handlers.go:142.89,145.66 2 1
github.com/konflux-ci/gitops-registration-service/internal/handlers/handlers.go:145.66,147.3 1 0
github.com/konflux-ci/gitops-registration-service/internal/handlers/handlers.go:149.2,150.16 2 1
github.com/konflux-ci/gitops-registration-service/internal/handlers/handlers.go:150.16,154.3 3 1
github.com/konflux-ci/gitops-registration-service/internal/handlers/handlers.go:156.2,157.65 2 1
github.com/konflux-ci/gitops-registration-service/internal/handlers/handlers.go:157.65,159.3 1 0
github.com/konflux-ci/gitops-registration-service/internal/handlers/handlers.go:163.87,165.14 2 1
github.com/konflux-ci/gitops-registration-service/internal/handlers/handlers.go:165.14,168.3 2 1
github.com/konflux-ci/gitops-registration-service/internal/handlers/handlers.go:170.2,171.16 2 1
github.com/konflux-ci/gitops-registration-service/internal/handlers/handlers.go:171.16,174.3 2 1
github.com/konflux-ci/gitops-registration-service/internal/handlers/handlers.go:176.2,177.64 2 1
github.com/konflux-ci/gitops-registration-service/internal/handlers/handlers.go:177.64,179.3 1 0
github.com/konflux-ci/gitops-registration-service/internal/handlers/handlers.go:183.90,185.14 2 1
github.com/konflux-ci/gitops-registration-service/internal/handlers/handlers.go:185.14,188.3 2 1
github.com/konflux-ci/gitops-registration-service/internal/handlers/handlers.go:190.2,190.84 1 1
github.com/konflux-ci/gitops-registration-service/internal/handlers/handlers.go:190.84,194.3 3 0
github.com/konflux-ci/gitops-registration-service/internal/handlers/handlers.go:196.2,196.37 1 1
github.com/konflux-ci/gitops-registration-service/internal/handlers/handlers.go:200.93,202.14 2 1
github.com/konflux-ci/gitops-registration-service/internal/handlers/handlers.go:202.14,205.3 2 1
github.com/konflux-ci/gitops-registration-service/internal/handlers/handlers.go:207.2,208.16 2 1
github.com/konflux-ci/gitops-registration-service/internal/handlers/handlers.go:208.16,211.3 2 1
github.com/konflux-ci/gitops-registration-service/internal/handlers/handlers.go:213.2,214.71 2 1
github.com/konflux-ci/gitops-registration-service/internal/handlers/handlers.go:214.71,216.3 1 0
github.com/konflux-ci/gitops-registration-service/internal/handlers/handlers.go:220.88,222.14 2 1
github.com/konflux-ci/gitops-registration-service/internal/handlers/handlers.go:222.14,225.3 2 1
github.com/konflux-ci/gitops-registration-service/internal/handlers/handlers.go:228.2,236.60 4 1
github.com/konflux-ci/gitops-registration-service/internal/handlers/handlers.go:236.60,238.3 1 0
github.com/konflux-ci/gitops-registration-service/internal/handlers/handlers.go:244.89,247.22 2 1
github.com/konflux-ci/gitops-registration-service/internal/handlers/handlers.go:247.22,249.3 1 1
github.com/konflux-ci/gitops-registration-service/internal/handlers/handlers.go:252.2,253.25 2 1
github.com/konflux-ci/gitops-registration-service/internal/handlers/handlers.go:253.25,255.3 1 1
github.com/konflux-ci/gitops-registration-service/internal/handlers/handlers.go:257.2,257.69 1 1
github.com/konflux-ci/gitops-registration-service/internal/handlers/handlers.go:261.116,267.17 2 1
github.com/konflux-ci/gitops-registration-service/internal/handlers/handlers.go:267.17,269.3 1 0
github.com/konflux-ci/gitops-registration-service/internal/server/server.go:30.70,33.16 2 0
github.com/konflux-ci/gitops-registration-service/internal/server/server.go:33.16,35.3 1 0
github.com/konflux-ci/gitops-registration-service/internal/server/server.go:38.2,38.40 1 0
github.com/konflux-ci/gitops-registration-service/internal/server/server.go:38.40,42.17 3 0
github.com/konflux-ci/gitops-registration-service/internal/server/server.go:42.17,44.4 1 0
github.com/konflux-ci/gitops-registration-service/internal/server/server.go:46.3,46.25 1 0
github.com/konflux-ci/gitops-registration-service/internal/server/server.go:46.25,48.4 1 0
github.com/konflux-ci/gitops-registration-service/internal/server/server.go:51.3,51.35 1 0
github.com/konflux-ci/gitops-registration-service/internal/server/server.go:51.35,53.48 2 0
github.com/konflux-ci/gitops-registration-service/internal/server/server.go:53.48,55.5 1 0
github.com/konflux-ci/gitops-registration-service/internal/server/server.go:58.3,58.114 1 0
github.com/konflux-ci/gitops-registration-service/internal/server/server.go:62.2,84.15 6 0
github.com/konflux-ci/gitops-registration-service/internal/server/server.go:88.51,93.12 3 0
github.com/konflux-ci/gitops-registration-service/internal/server/server.go:93.12,94.82 1 0
github.com/konflux-ci/gitops-registration-service/internal/server/server.go:94.82,96.4 1 0
github.com/konflux-ci/gitops-registration-service/internal/server/server.go:100.2,100.9 1 0
github.com/konflux-ci/gitops-registration-service/internal/server/server.go:101.20,102.32 1 0
github.com/konflux-ci/gitops-registration-service/internal/server/server.go:103.24,104.13 1 0
github.com/konflux-ci/gitops-registration-service/internal/server/server.go:109.54,112.2 2 1
github.com/konflux-ci/gitops-registration-service/internal/server/server.go:115.36,130.16 5 1
github.com/konflux-ci/gitops-registration-service/internal/server/server.go:130.16,133.3 2 1
github.com/konflux-ci/gitops-registration-service/internal/server/server.go:134.2,147.72 3 1
github.com/konflux-ci/gitops-registration-service/internal/server/server.go:151.32,160.47 4 1
github.com/konflux-ci/gitops-registration-service/internal/server/server.go:160.47,164.48 2 1
github.com/konflux-ci/gitops-registration-service/internal/server/server.go:164.48,169.40 4 1
github.com/konflux-ci/gitops-registration-service/internal/server/server.go:169.40,174.5 4 1
github.com/konflux-ci/gitops-registration-service/internal/server/server.go:181.69,189.60 3 1
github.com/konflux-ci/gitops-registration-service/internal/server/server.go:189.60,191.3 1 0
github.com/konflux-ci/gitops-registration-service/internal/server/server.go:195.70,197.57 1 1
github.com/konflux-ci/gitops-registration-service/internal/server/server.go:197.57,207.61 4 1
github.com/konflux-ci/gitops-registration-service/internal/server/server.go:207.61,209.4 1 0
github.com/konflux-ci/gitops-registration-service/internal/server/server.go:210.3,210.9 1 1
github.com/konflux-ci/gitops-registration-service/internal/server/server.go:213.2,220.60 3 1
github.com/konflux-ci/gitops-registration-service/internal/server/server.go:220.60,222.3 1 0
github.com/konflux-ci/gitops-registration-service/internal/server/server.go:226.63,228.63 1 1
github.com/konflux-ci/gitops-registration-service/internal/server/server.go:228.63,230.3 1 1
github.com/konflux-ci/gitops-registration-service/internal/server/server.go:233.2,233.59 1 1
github.com/konflux-ci/gitops-registration-service/internal/server/server.go:233.59,235.3 1 1
github.com/konflux-ci/gitops-registration-service/internal/server/server.go:237.2,237.12 1 1
github.com/konflux-ci/gitops-registration-service/internal/services/argocd.go:43.93,46.16 2 0
github.com/konflux-ci/gitops-registration-service/internal/services/argocd.go:46.16,48.3 1 0
github.com/konflux-ci/gitops-registration-service/internal/services/argocd.go:50.2,51.16 2 0
github.com/konflux-ci/gitops-registration-service/internal/services/argocd.go:51.16,53.3 1 0
github.com/konflux-ci/gitops-registration-service/internal/services/argocd.go:55.2,60.8 1 0
github.com/konflux-ci/gitops-registration-service/internal/services/argocd.go:63.96,70.16 5 0
github.com/konflux-ci/gitops-registration-service/internal/services/argocd.go:70.16,71.34 1 0
github.com/konflux-ci/gitops-registration-service/internal/services/argocd.go:71.34,74.4 2 0
github.com/konflux-ci/gitops-registration-service/internal/services/argocd.go:75.3,75.77 1 0
github.com/konflux-ci/gitops-registration-service/internal/services/argocd.go:78.2,79.12 2 0
github.com/konflux-ci/gitops-registration-service/internal/services/argocd.go:83.92,106.2 3 1
github.com/konflux-ci/gitops-registration-service/internal/services/argocd.go:109.105,110.9 1 1
github.com/konflux-ci/gitops-registration-service/internal/services/argocd.go:111.96,113.48 1 1
github.com/konflux-ci/gitops-registration-service/internal/services/argocd.go:113.48,115.4 1 1
github.com/konflux-ci/gitops-registration-service/internal/services/argocd.go:116.3,116.50 1 1
github.com/konflux-ci/gitops-registration-service/internal/services/argocd.go:116.50,118.4 1 1
github.com/konflux-ci/gitops-registration-service/internal/services/argocd.go:119.96,121.48 1 1
github.com/konflux-ci/gitops-registration-service/internal/services/argocd.go:121.48,123.4 1 1
github.com/konflux-ci/gitops-registration-service/internal/services/argocd.go:124.3,124.50 1 1
github.com/konflux-ci/gitops-registration-service/internal/services/argocd.go:124.50,126.4 1 1
github.com/konflux-ci/gitops-registration-service/internal/services/argocd.go:127.10,130.73 2 1
github.com/konflux-ci/gitops-registration-service/internal/services/argocd.go:135.71,149.2 1 1
github.com/konflux-ci/gitops-registration-service/internal/services/argocd.go:152.132,169.2 1 1
github.com/konflux-ci/gitops-registration-service/internal/services/argocd.go:171.108,173.37 2 1
github.com/konflux-ci/gitops-registration-service/internal/services/argocd.go:173.37,178.3 1 1
github.com/konflux-ci/gitops-registration-service/internal/services/argocd.go:179.2,179.15 1 1
github.com/konflux-ci/gitops-registration-service/internal/services/argocd.go:183.127,187.16 3 0
github.com/konflux-ci/gitops-registration-service/internal/services/argocd.go:187.16,188.29 1 0
github.com/konflux-ci/gitops-registration-service/internal/services/argocd.go:188.29,191.4 2 0
github.com/konflux-ci/gitops-registration-service/internal/services/argocd.go:192.3,192.75 1 0
github.com/konflux-ci/gitops-registration-service/internal/services/argocd.go:195.2,196.12 2 0
github.com/konflux-ci/gitops-registration-service/internal/services/argocd.go:199.82,201.2 1 0
github.com/konflux-ci/gitops-registration-service/internal/services/argocd.go:203.94,247.16 4 0
github.com/konflux-ci/gitops-registration-service/internal/services/argocd.go:247.16,248.34 1 0
github.com/konflux-ci/gitops-registration-service/internal/services/argocd.go:248.34,251.4 2 0
github.com/konflux-ci/gitops-registration-service/internal/services/argocd.go:252.3,252.74 1 0
github.com/konflux-ci/gitops-registration-service/internal/services/argocd.go:255.2,256.12 2 0
github.com/konflux-ci/gitops-registration-service/internal/services/argocd.go:259.83,261.2 1 0
github.com/konflux-ci/gitops-registration-service/internal/services/argocd.go:264.114,268.16 3 0
github.com/konflux-ci/gitops-registration-service/internal/services/argocd.go:268.16,269.29 1 0
github.com/konflux-ci/gitops-registration-service/internal/services/argocd.go:269.29,271.4 1 0
github.com/konflux-ci/gitops-registration-service/internal/services/argocd.go:272.3,272.72 1 0
github.com/konflux-ci/gitops-registration-service/internal/services/argocd.go:276.2,284.122 2 0
github.com/konflux-ci/gitops-registration-service/internal/services/argocd.go:284.122,286.3 1 0
github.com/konflux-ci/gitops-registration-service/internal/services/argocd.go:289.2,289.135 1 0
github.com/konflux-ci/gitops-registration-service/internal/services/argocd.go:289.135,290.76 1 0
github.com/konflux-ci/gitops-registration-service/internal/services/argocd.go:290.76,292.4 1 0
github.com/konflux-ci/gitops-registration-service/internal/services/argocd.go:295.2,295.20 1 0
github.com/konflux-ci/gitops-registration-service/internal/services/argocd.go:298.64,301.16 2 0
github.com/konflux-ci/gitops-registration-service/internal/services/argocd.go:301.16,303.3 1 0
github.com/konflux-ci/gitops-registration-service/internal/services/argocd.go:304.2,304.12 1 0
github.com/konflux-ci/gitops-registration-service/internal/services/argocd.go:308.107,314.16 3 0
github.com/konflux-ci/gitops-registration-service/internal/services/argocd.go:314.16,316.3 1 0
github.com/konflux-ci/gitops-registration-service/internal/services/argocd.go:318.2,319.12 2 0
github.com/konflux-ci/gitops-registration-service/internal/services/argocd.go:319.12,321.3 1 0
github.com/konflux-ci/gitops-registration-service/internal/services/argocd.go:323.2,323.20 1 0
github.com/konflux-ci/gitops-registration-service/internal/services/kubernetes.go:30.101,33.16 2 0
github.com/konflux-ci/gitops-registration-service/internal/services/kubernetes.go:33.16,35.3 1 0
github.com/konflux-ci/gitops-registration-service/internal/services/kubernetes.go:38.2,39.16 2 0
github.com/konflux-ci/gitops-registration-service/internal/services/kubernetes.go:39.16,41.3 1 0
github.com/konflux-ci/gitops-registration-service/internal/services/kubernetes.go:43.2,47.8 1 0
github.com/konflux-ci/gitops-registration-service/internal/services/kubernetes.go:50.68,53.16 2 0
github.com/konflux-ci/gitops-registration-service/internal/services/kubernetes.go:53.16,55.3 1 0
github.com/konflux-ci/gitops-registration-service/internal/services/kubernetes.go:56.2,56.12 1 0
github.com/konflux-ci/gitops-registration-service/internal/services/kubernetes.go:59.111,63.19 2 0
github.com/konflux-ci/gitops-registration-service/internal/services/kubernetes.go:63.19,65.3 1 0
github.com/konflux-ci/gitops-registration-service/internal/services/kubernetes.go:66.2,77.16 5 0
github.com/konflux-ci/gitops-registration-service/internal/services/kubernetes.go:77.16,78.34 1 0
github.com/konflux-ci/gitops-registration-service/internal/services/kubernetes.go:78.34,81.4 2 0
github.com/konflux-ci/gitops-registration-service/internal/services/kubernetes.go:82.3,82.68 1 0
github.com/konflux-ci/gitops-registration-service/internal/services/kubernetes.go:85.2,86.12 2 0
github.com/konflux-ci/gitops-registration-service/internal/services/kubernetes.go:89.136,93.19 2 0
github.com/konflux-ci/gitops-registration-service/internal/services/kubernetes.go:93.19,95.3 1 0
github.com/konflux-ci/gitops-registration-service/internal/services/kubernetes.go:96.2,100.24 3 0
github.com/konflux-ci/gitops-registration-service/internal/services/kubernetes.go:100.24,102.3 1 0
github.com/konflux-ci/gitops-registration-service/internal/services/kubernetes.go:104.2,113.16 3 0
github.com/konflux-ci/gitops-registration-service/internal/services/kubernetes.go:113.16,114.34 1 0
github.com/konflux-ci/gitops-registration-service/internal/services/kubernetes.go:114.34,117.4 2 0
github.com/konflux-ci/gitops-registration-service/internal/services/kubernetes.go:118.3,118.68 1 0
github.com/konflux-ci/gitops-registration-service/internal/services/kubernetes.go:121.2,126.12 2 0
github.com/konflux-ci/gitops-registration-service/internal/services/kubernetes.go:129.85,133.16 3 0
github.com/konflux-ci/gitops-registration-service/internal/services/kubernetes.go:133.16,134.29 1 0
github.com/konflux-ci/gitops-registration-service/internal/services/kubernetes.go:134.29,137.4 2 0
github.com/konflux-ci/gitops-registration-service/internal/services/kubernetes.go:138.3,138.68 1 0
github.com/konflux-ci/gitops-registration-service/internal/services/kubernetes.go:141.2,142.12 2 0
github.com/konflux-ci/gitops-registration-service/internal/services/kubernetes.go:145.117,150.16 3 0
github.com/konflux-ci/gitops-registration-service/internal/services/kubernetes.go:150.16,152.3 1 0
github.com/konflux-ci/gitops-registration-service/internal/services/kubernetes.go:155.2,155.29 1 0
github.com/konflux-ci/gitops-registration-service/internal/services/kubernetes.go:155.29,157.3 1 0
github.com/konflux-ci/gitops-registration-service/internal/services/kubernetes.go:160.2,160.33 1 0
github.com/konflux-ci/gitops-registration-service/internal/services/kubernetes.go:160.33,162.3 1 0
github.com/konflux-ci/gitops-registration-service/internal/services/kubernetes.go:165.2,166.16 2 0
github.com/konflux-ci/gitops-registration-service/internal/services/kubernetes.go:166.16,168.3 1 0
github.com/konflux-ci/gitops-registration-service/internal/services/kubernetes.go:170.2,174.12 2 0
github.com/konflux-ci/gitops-registration-service/internal/services/kubernetes.go:177.132,182.16 3 0
github.com/konflux-ci/gitops-registration-service/internal/services/kubernetes.go:182.16,184.3 1 0
github.com/konflux-ci/gitops-registration-service/internal/services/kubernetes.go:187.2,187.29 1 0
github.com/konflux-ci/gitops-registration-service/internal/services/kubernetes.go:187.29,189.3 1 0
github.com/konflux-ci/gitops-registration-service/internal/services/kubernetes.go:190.2,190.34 1 0
github.com/konflux-ci/gitops-registration-service/internal/services/kubernetes.go:190.34,192.3 1 0
github.com/konflux-ci/gitops-registration-service/internal/services/kubernetes.go:195.2,195.33 1 0
github.com/konflux-ci/gitops-registration-service/internal/services/kubernetes.go:195.33,197.3 1 0
github.com/konflux-ci/gitops-registration-service/internal/services/kubernetes.go:200.2,200.38 1 0
github.com/konflux-ci/gitops-registration-service/internal/services/kubernetes.go:200.38,202.3 1 0
github.com/konflux-ci/gitops-registration-service/internal/services/kubernetes.go:205.2,206.16 2 0
github.com/konflux-ci/gitops-registration-service/internal/services/kubernetes.go:206.16,208.3 1 0
github.com/konflux-ci/gitops-registration-service/internal/services/kubernetes.go:210.2,215.12 2 0
github.com/konflux-ci/gitops-registration-service/internal/services/kubernetes.go:218.93,220.16 2 0
github.com/konflux-ci/gitops-registration-service/internal/services/kubernetes.go:220.16,221.29 1 0
github.com/konflux-ci/gitops-registration-service/internal/services/kubernetes.go:221.29,223.4 1 0
github.com/konflux-ci/gitops-registration-service/internal/services/kubernetes.go:224.3,224.75 1 0
github.com/konflux-ci/gitops-registration-service/internal/services/kubernetes.go:226.2,226.18 1 0
github.com/konflux-ci/gitops-registration-service/internal/services/kubernetes.go:229.79,231.16 2 0
github.com/konflux-ci/gitops-registration-service/internal/services/kubernetes.go:231.16,233.3 1 0
github.com/konflux-ci/gitops-registration-service/internal/services/kubernetes.go:234.2,234.35 1 0
github.com/konflux-ci/gitops-registration-service/internal/services/kubernetes.go:237.101,256.16 4 0
github.com/konflux-ci/gitops-registration-service/internal/services/kubernetes.go:256.16,257.34 1 0
github.com/konflux-ci/gitops-registration-service/internal/services/kubernetes.go:257.34,263.4 2 0
github.com/konflux-ci/gitops-registration-service/internal/services/kubernetes.go:264.3,264.101 1 0
github.com/konflux-ci/gitops-registration-service/internal/services/kubernetes.go:267.2,271.12 2 0
github.com/konflux-ci/gitops-registration-service/internal/services/kubernetes.go:274.120,307.16 4 0
github.com/konflux-ci/gitops-registration-service/internal/services/kubernetes.go:307.16,308.34 1 0
github.com/konflux-ci/gitops-registration-service/internal/services/kubernetes.go:308.34,316.4 2 0
github.com/konflux-ci/gitops-registration-service/internal/services/kubernetes.go:317.3,317.98 1 0
github.com/konflux-ci/gitops-registration-service/internal/services/kubernetes.go:320.2,326.12 2 0
github.com/konflux-ci/gitops-registration-service/internal/services/kubernetes.go:330.115,338.16 3 0
github.com/konflux-ci/gitops-registration-service/internal/services/kubernetes.go:338.16,339.29 1 0
github.com/konflux-ci/gitops-registration-service/internal/services/kubernetes.go:339.29,341.4 1 0
github.com/konflux-ci/gitops-registration-service/internal/services/kubernetes.go:342.3,342.72 1 0
github.com/konflux-ci/gitops-registration-service/internal/services/kubernetes.go:345.2,348.41 2 0
github.com/konflux-ci/gitops-registration-service/internal/services/kubernetes.go:348.41,353.3 4 0
github.com/konflux-ci/gitops-registration-service/internal/services/kubernetes.go:355.2,355.24 1 0
github.com/konflux-ci/gitops-registration-service/internal/services/kubernetes.go:359.117,360.90 1 0
github.com/konflux-ci/gitops-registration-service/internal/services/kubernetes.go:360.90,363.3 2 0
github.com/konflux-ci/gitops-registration-service/internal/services/kubernetes.go:367.122,368.69 1 0
github.com/konflux-ci/gitops-registration-service/internal/services/kubernetes.go:368.69,370.3 1 0
github.com/konflux-ci/gitops-registration-service/internal/services/kubernetes.go:372.2,372.42 1 0
github.com/konflux-ci/gitops-registration-service/internal/services/kubernetes.go:372.42,373.50 1 0
github.com/konflux-ci/gitops-registration-service/internal/services/kubernetes.go:373.50,376.9 3 0
github.com/konflux-ci/gitops-registration-service/internal/services/kubernetes.go:382.118,387.38 4 0
github.com/konflux-ci/gitops-registration-service/internal/services/kubernetes.go:387.38,388.33 1 0
github.com/konflux-ci/gitops-registration-service/internal/services/kubernetes.go:388.33,390.9 2 0
github.com/konflux-ci/gitops-registration-service/internal/services/kubernetes.go:394.2,394.23 1 0
github.com/konflux-ci/gitops-registration-service/internal/services/kubernetes.go:394.23,396.3 1 0
github.com/konflux-ci/gitops-registration-service/internal/services/kubernetes.go:398.2,398.42 1 0
github.com/konflux-ci/gitops-registration-service/internal/services/kubernetes.go:398.42,399.68 1 0
github.com/konflux-ci/gitops-registration-service/internal/services/kubernetes.go:399.68,402.4 2 0
github.com/konflux-ci/gitops-registration-service/internal/services/kubernetes.go:407.131,420.16 3 0
github.com/konflux-ci/gitops-registration-service/internal/services/kubernetes.go:420.16,422.3 1 0
github.com/konflux-ci/gitops-registration-service/internal/services/kubernetes.go:424.2,425.26 2 0
github.com/konflux-ci/gitops-registration-service/internal/services/kubernetes.go:429.148,454.16 3 0
github.com/konflux-ci/gitops-registration-service/internal/services/kubernetes.go:454.16,456.3 1 0
github.com/konflux-ci/gitops-registration-service/internal/services/kubernetes.go:458.2,459.12 2 0
github.com/konflux-ci/gitops-registration-service/internal/services/kubernetes.go:463.111,468.2 1 0
github.com/konflux-ci/gitops-registration-service/internal/services/kubernetes.go:471.49,472.26 1 1
github.com/konflux-ci/gitops-registration-service/internal/services/kubernetes.go:472.26,473.28 1 1
github.com/konflux-ci/gitops-registration-service/internal/services/kubernetes.go:473.28,475.4 1 1
github.com/konflux-ci/gitops-registration-service/internal/services/kubernetes.go:477.2,477.14 1 1
github.com/konflux-ci/gitops-registration-service/internal/services/kubernetes.go:480.46,481.29 1 1
github.com/konflux-ci/gitops-registration-service/internal/services/kubernetes.go:481.29,482.29 1 1
github.com/konflux-ci/gitops-registration-service/internal/services/kubernetes.go:482.29,484.4 1 1
github.com/konflux-ci/gitops-registration-service/internal/services/kubernetes.go:486.2,486.13 1 1
github.com/konflux-ci/gitops-registration-service/internal/services/registration.go:27.49,29.2 1 1
github.com/konflux-ci/gitops-registration-service/internal/services/registration.go:32.53,34.16 2 1
github.com/konflux-ci/gitops-registration-service/internal/services/registration.go:34.16,37.3 1 1
github.com/konflux-ci/gitops-registration-service/internal/services/registration.go:39.2,40.18 2 1
github.com/konflux-ci/gitops-registration-service/internal/services/registration.go:40.18,42.3 1 1
github.com/konflux-ci/gitops-registration-service/internal/services/registration.go:45.2,48.22 2 1
github.com/konflux-ci/gitops-registration-service/internal/services/registration.go:48.22,50.3 1 0
github.com/konflux-ci/gitops-registration-service/internal/services/registration.go:52.2,52.15 1 1
github.com/konflux-ci/gitops-registration-service/internal/services/registration.go:66.23,73.2 1 1
github.com/konflux-ci/gitops-registration-service/internal/services/registration.go:75.132,85.76 3 1
github.com/konflux-ci/gitops-registration-service/internal/services/registration.go:85.76,87.3 1 0
github.com/konflux-ci/gitops-registration-service/internal/services/registration.go:90.2,90.76 1 1
github.com/konflux-ci/gitops-registration-service/internal/services/registration.go:90.76,92.3 1 1
github.com/konflux-ci/gitops-registration-service/internal/services/registration.go:95.2,98.67 2 1
github.com/konflux-ci/gitops-registration-service/internal/services/registration.go:98.67,102.3 3 0
github.com/konflux-ci/gitops-registration-service/internal/services/registration.go:105.2,106.16 2 1
github.com/konflux-ci/gitops-registration-service/internal/services/registration.go:106.16,109.79 3 0
github.com/konflux-ci/gitops-registration-service/internal/services/registration.go:109.79,111.4 1 0
github.com/konflux-ci/gitops-registration-service/internal/services/registration.go:112.3,112.69 1 0
github.com/konflux-ci/gitops-registration-service/internal/services/registration.go:116.2,117.16 2 1
github.com/konflux-ci/gitops-registration-service/internal/services/registration.go:117.16,120.79 3 0
github.com/konflux-ci/gitops-registration-service/internal/services/registration.go:120.79,122.4 1 0
github.com/konflux-ci/gitops-registration-service/internal/services/registration.go:123.3,123.70 1 0
github.com/konflux-ci/gitops-registration-service/internal/services/registration.go:127.2,138.26 3 1
github.com/konflux-ci/gitops-registration-service/internal/services/registration.go:142.99,143.43 1 1
github.com/konflux-ci/gitops-registration-service/internal/services/registration.go:143.43,145.3 1 1
github.com/konflux-ci/gitops-registration-service/internal/services/registration.go:147.2,149.16 3 1
github.com/konflux-ci/gitops-registration-service/internal/services/registration.go:149.16,151.3 1 1
github.com/konflux-ci/gitops-registration-service/internal/services/registration.go:152.2,152.20 1 1
github.com/konflux-ci/gitops-registration-service/internal/services/registration.go:152.20,154.3 1 1
github.com/konflux-ci/gitops-registration-service/internal/services/registration.go:155.2,155.12 1 1
github.com/konflux-ci/gitops-registration-service/internal/services/registration.go:159.106,161.16 2 1
github.com/konflux-ci/gitops-registration-service/internal/services/registration.go:161.16,163.3 1 1
github.com/konflux-ci/gitops-registration-service/internal/services/registration.go:164.2,164.12 1 1
github.com/konflux-ci/gitops-registration-service/internal/services/registration.go:164.12,166.3 1 1
github.com/konflux-ci/gitops-registration-service/internal/services/registration.go:167.2,167.12 1 1
github.com/konflux-ci/gitops-registration-service/internal/services/registration.go:171.130,190.2 1 1
github.com/konflux-ci/gitops-registration-service/internal/services/registration.go:193.128,214.2 6 1
github.com/konflux-ci/gitops-registration-service/internal/services/registration.go:217.106,218.42 1 1
github.com/konflux-ci/gitops-registration-service/internal/services/registration.go:218.42,220.3 1 1
github.com/konflux-ci/gitops-registration-service/internal/services/registration.go:221.2,221.52 1 1
github.com/konflux-ci/gitops-registration-service/internal/services/registration.go:225.123,230.16 4 1
github.com/konflux-ci/gitops-registration-service/internal/services/registration.go:230.16,232.3 1 1
github.com/konflux-ci/gitops-registration-service/internal/services/registration.go:234.2,236.126 3 1
github.com/konflux-ci/gitops-registration-service/internal/services/registration.go:236.126,238.3 1 1
github.com/konflux-ci/gitops-registration-service/internal/services/registration.go:240.2,240.27 1 1
github.com/konflux-ci/gitops-registration-service/internal/services/registration.go:244.112,246.87 2 1
github.com/konflux-ci/gitops-registration-service/internal/services/registration.go:246.87,248.3 1 1
github.com/konflux-ci/gitops-registration-service/internal/services/registration.go:250.2,251.116 2 1
github.com/konflux-ci/gitops-registration-service/internal/services/registration.go:251.116,253.3 1 1
github.com/konflux-ci/gitops-registration-service/internal/services/registration.go:255.2,255.32 1 1
github.com/konflux-ci/gitops-registration-service/internal/services/registration.go:259.173,263.67 3 1
github.com/konflux-ci/gitops-registration-service/internal/services/registration.go:263.67,265.3 1 1
github.com/konflux-ci/gitops-registration-service/internal/services/registration.go:267.2,282.69 3 1
github.com/konflux-ci/gitops-registration-service/internal/services/registration.go:282.69,284.3 1 1
github.com/konflux-ci/gitops-registration-service/internal/services/registration.go:286.2,286.34 1 1
github.com/konflux-ci/gitops-registration-service/internal/services/registration.go:290.135,300.2 9 1
github.com/konflux-ci/gitops-registration-service/internal/services/registration.go:302.108,311.2 1 0
github.com/konflux-ci/gitops-registration-service/internal/services/registration.go:315.34,318.2 1 0
github.com/konflux-ci/gitops-registration-service/internal/services/registration.go:320.88,324.2 2 0
github.com/konflux-ci/gitops-registration-service/internal/services/registration.go:326.170,337.80 3 0
github.com/konflux-ci/gitops-registration-service/internal/services/registration.go:337.80,339.3 1 0
github.com/konflux-ci/gitops-registration-service/internal/services/registration.go:342.2,345.93 2 0
github.com/konflux-ci/gitops-registration-service/internal/services/registration.go:345.93,349.3 3 0
github.com/konflux-ci/gitops-registration-service/internal/services/registration.go:352.2,356.16 3 0
github.com/konflux-ci/gitops-registration-service/internal/services/registration.go:356.16,359.87 3 0
github.com/konflux-ci/gitops-registration-service/internal/services/registration.go:359.87,361.4 1 0
github.com/konflux-ci/gitops-registration-service/internal/services/registration.go:362.3,362.70 1 0
github.com/konflux-ci/gitops-registration-service/internal/services/registration.go:366.2,376.26 3 0
github.com/konflux-ci/gitops-registration-service/internal/services/registration.go:380.102,382.16 2 0
github.com/konflux-ci/gitops-registration-service/internal/services/registration.go:382.16,384.3 1 0
github.com/konflux-ci/gitops-registration-service/internal/services/registration.go:385.2,385.13 1 0
github.com/konflux-ci/gitops-registration-service/internal/services/registration.go:385.13,387.3 1 0
github.com/konflux-ci/gitops-registration-service/internal/services/registration.go:388.2,388.12 1 0
github.com/konflux-ci/gitops-registration-service/internal/services/registration.go:392.146,411.2 1 0
github.com/konflux-ci/gitops-registration-service/internal/services/registration.go:414.115,418.87 3 0
github.com/konflux-ci/gitops-registration-service/internal/services/registration.go:418.87,420.3 1 0
github.com/konflux-ci/gitops-registration-service/internal/services/registration.go:422.2,423.116 2 0
github.com/konflux-ci/gitops-registration-service/internal/services/registration.go:423.116,425.3 1 0
github.com/konflux-ci/gitops-registration-service/internal/services/registration.go:427.2,427.12 1 0
github.com/konflux-ci/gitops-registration-service/internal/services/registration.go:431.144,452.16 7 0
github.com/konflux-ci/gitops-registration-service/internal/services/registration.go:452.16,454.3 1 0
github.com/konflux-ci/gitops-registration-service/internal/services/registration.go:458.171,462.67 3 0
github.com/konflux-ci/gitops-registration-service/internal/services/registration.go:462.67,464.3 1 0
github.com/konflux-ci/gitops-registration-service/internal/services/registration.go:466.2,481.69 3 0
github.com/konflux-ci/gitops-registration-service/internal/services/registration.go:481.69,483.3 1 0
github.com/konflux-ci/gitops-registration-service/internal/services/registration.go:485.2,485.34 1 0
github.com/konflux-ci/gitops-registration-service/internal/services/registration.go:489.158,499.2 9 0
github.com/konflux-ci/gitops-registration-service/internal/services/registration.go:501.111,503.25 1 1
github.com/konflux-ci/gitops-registration-service/internal/services/registration.go:503.25,505.3 1 1
github.com/konflux-ci/gitops-registration-service/internal/services/registration.go:506.2,506.30 1 1
github.com/konflux-ci/gitops-registration-service/internal/services/registration.go:506.30,508.3 1 1
github.com/konflux-ci/gitops-registration-service/internal/services/registration.go:510.2,510.12 1 1
github.com/konflux-ci/gitops-registration-service/internal/services/registration.go:515.9,517.33 1 1
github.com/konflux-ci/gitops-registration-service/internal/services/registration.go:517.33,519.3 1 1
github.com/konflux-ci/gitops-registration-service/internal/services/registration.go:520.2,520.30 1 1
github.com/konflux-ci/gitops-registration-service/internal/services/registration.go:520.30,522.3 1 1
github.com/konflux-ci/gitops-registration-service/internal/services/registration.go:524.2,524.12 1 1
github.com/konflux-ci/gitops-registration-service/internal/services/registration.go:529.21,551.42 3 1
github.com/konflux-ci/gitops-registration-service/internal/services/registration.go:551.42,559.3 1 1
github.com/konflux-ci/gitops-registration-service/internal/services/registration.go:562.2,562.47 1 1
github.com/konflux-ci/gitops-registration-service/internal/services/registration.go:562.47,566.3 2 1
github.com/konflux-ci/gitops-registration-service/internal/services/registration.go:566.8,566.53 1 1
github.com/konflux-ci/gitops-registration-service/internal/services/registration.go:566.53,570.3 2 1
github.com/konflux-ci/gitops-registration-service/internal/services/registration.go:574.2,574.19 1 1
github.com/konflux-ci/gitops-registration-service/internal/services/registration.go:578.143,580.43 2 1
github.com/konflux-ci/gitops-registration-service/internal/services/registration.go:580.43,585.3 1 1
github.com/konflux-ci/gitops-registration-service/internal/services/registration.go:586.2,586.15 1 1
github.com/konflux-ci/gitops-registration-service/internal/services/services.go:20.58,23.2 2 1
github.com/konflux-ci/gitops-registration-service/internal/services/services.go:102.72,105.16 2 0
github.com/konflux-ci/gitops-registration-service/internal/services/services.go:105.16,107.3 1 0
github.com/konflux-ci/gitops-registration-service/internal/services/services.go:110.2,111.16 2 0
github.com/konflux-ci/gitops-registration-service/internal/services/services.go:111.16,113.3 1 0
github.com/konflux-ci/gitops-registration-service/internal/services/services.go:116.2,130.8 4 0
github.com/konflux-ci/gitops-registration-service/internal/services/stubs.go:24.97,26.2 1 1
github.com/konflux-ci/gitops-registration-service/internal/services/stubs.go:28.72,31.2 1 1
github.com/konflux-ci/gitops-registration-service/internal/services/stubs.go:33.115,37.2 2 1
github.com/konflux-ci/gitops-registration-service/internal/services/stubs.go:41.9,44.2 2 0
github.com/konflux-ci/gitops-registration-service/internal/services/stubs.go:46.89,50.2 2 1
github.com/konflux-ci/gitops-registration-service/internal/services/stubs.go:52.121,59.2 2 0
github.com/konflux-ci/gitops-registration-service/internal/services/stubs.go:63.9,66.2 2 0
github.com/konflux-ci/gitops-registration-service/internal/services/stubs.go:68.97,71.2 1 1
github.com/konflux-ci/gitops-registration-service/internal/services/stubs.go:73.83,76.2 1 1
github.com/konflux-ci/gitops-registration-service/internal/services/stubs.go:78.105,85.2 2 0
github.com/konflux-ci/gitops-registration-service/internal/services/stubs.go:87.124,96.2 2 0
github.com/konflux-ci/gitops-registration-service/internal/services/stubs.go:99.119,109.2 1 1
github.com/konflux-ci/gitops-registration-service/internal/services/stubs.go:114.19,118.2 3 0
github.com/konflux-ci/gitops-registration-service/internal/services/stubs.go:123.9,127.2 2 0
github.com/konflux-ci/gitops-registration-service/internal/services/stubs.go:130.115,133.2 1 0
github.com/konflux-ci/gitops-registration-service/internal/services/stubs.go:140.89,142.2 1 1
github.com/konflux-ci/gitops-registration-service/internal/services/stubs.go:144.68,147.2 1 1
github.com/konflux-ci/gitops-registration-service/internal/services/stubs.go:149.100,153.2 2 1
github.com/konflux-ci/gitops-registration-service/internal/services/stubs.go:155.86,159.2 2 0
github.com/konflux-ci/gitops-registration-service/internal/services/stubs.go:161.98,165.2 2 1
github.com/konflux-ci/gitops-registration-service/internal/services/stubs.go:167.87,171.2 2 0
github.com/konflux-ci/gitops-registration-service/internal/services/stubs.go:173.118,181.2 2 1
github.com/konflux-ci/gitops-registration-service/internal/services/stubs.go:183.112,185.37 2 0
github.com/konflux-ci/gitops-registration-service/internal/services/stubs.go:185.37,190.3 1 0
github.com/konflux-ci/gitops-registration-service/internal/services/stubs.go:191.2,191.15 1 0
github.com/konflux-ci/gitops-registration-service/internal/services/stubs.go:195.111,198.2 1 0
github.com/konflux-ci/gitops-registration-service/internal/services/stubs.go:207.117,213.2 1 1
github.com/konflux-ci/gitops-registration-service/internal/services/stubs.go:217.9,220.2 2 1
github.com/konflux-ci/gitops-registration-service/internal/services/stubs.go:222.112,229.2 1 1
github.com/konflux-ci/gitops-registration-service/internal/services/stubs.go:231.79,234.2 1 1
github.com/konflux-ci/gitops-registration-service/internal/services/stubs.go:242.106,247.2 1 0
github.com/konflux-ci/gitops-registration-service/internal/services/stubs.go:251.45,257.2 2 1
github.com/konflux-ci/gitops-registration-service/internal/services/stubs.go:259.91,260.44 1 1
github.com/konflux-ci/gitops-registration-service/internal/services/stubs.go:260.44,262.3 1 1
github.com/konflux-ci/gitops-registration-service/internal/services/stubs.go:263.2,263.12 1 1
github.com/konflux-ci/gitops-registration-service/internal/services/stubs.go:276.23,279.2 2 1
github.com/konflux-ci/gitops-registration-service/internal/services/stubs.go:283.32,302.2 2 1
github.com/konflux-ci/gitops-registration-service/internal/services/stubs.go:304.112,307.2 1 1
github.com/konflux-ci/gitops-registration-service/internal/services/stubs.go:311.34,314.2 2 1
github.com/konflux-ci/gitops-registration-service/internal/services/stubs.go:316.92,320.2 2 1
github.com/konflux-ci/gitops-registration-service/internal/services/stubs.go:324.32,349.2 2 1
github.com/konflux-ci/gitops-registration-service/internal/services/stubs.go:351.115,355.25 2 0
github.com/konflux-ci/gitops-registration-service/internal/services/stubs.go:355.25,357.3 1 0
github.com/konflux-ci/gitops-registration-service/internal/services/stubs.go:358.2,358.30 1 0
github.com/konflux-ci/gitops-registration-service/internal/services/stubs.go:358.30,360.3 1 0
github.com/konflux-ci/gitops-registration-service/internal/services/stubs.go:362.2,362.12 1 0
github.com/konflux-ci/gitops-registration-service/internal/services/stubs.go:367.9,370.2 2 0
github.com/konflux-ci/gitops-registration-service/internal/services/stubs.go:373.38,375.44 2 0
github.com/konflux-ci/gitops-registration-service/internal/services/stubs.go:375.44,377.3 1 0
github.com/konflux-ci/gitops-registration-service/internal/services/stubs.go:378.2,378.43 1 0
