mode: set
github.com/konflux-ci/gitops-registration-service/internal/config/config.go:88.30,146.62 2 1
github.com/konflux-ci/gitops-registration-service/internal/config/config.go:146.62,147.55 1 1
github.com/konflux-ci/gitops-registration-service/internal/config/config.go:147.55,149.4 1 1
github.com/konflux-ci/gitops-registration-service/internal/config/config.go:153.2,153.43 1 1
github.com/konflux-ci/gitops-registration-service/internal/config/config.go:153.43,154.47 1 1
github.com/konflux-ci/gitops-registration-service/internal/config/config.go:154.47,156.4 1 1
github.com/konflux-ci/gitops-registration-service/internal/config/config.go:159.2,159.59 1 1
github.com/konflux-ci/gitops-registration-service/internal/config/config.go:159.59,161.3 1 1
github.com/konflux-ci/gitops-registration-service/internal/config/config.go:163.2,163.68 1 1
github.com/konflux-ci/gitops-registration-service/internal/config/config.go:163.68,165.3 1 1
github.com/konflux-ci/gitops-registration-service/internal/config/config.go:167.2,167.77 1 1
github.com/konflux-ci/gitops-registration-service/internal/config/config.go:167.77,169.3 1 1
github.com/konflux-ci/gitops-registration-service/internal/config/config.go:171.2,171.75 1 1
github.com/konflux-ci/gitops-registration-service/internal/config/config.go:171.75,173.3 1 1
github.com/konflux-ci/gitops-registration-service/internal/config/config.go:175.2,175.85 1 1
github.com/konflux-ci/gitops-registration-service/internal/config/config.go:175.85,177.3 1 1
github.com/konflux-ci/gitops-registration-service/internal/config/config.go:179.2,179.77 1 1
github.com/konflux-ci/gitops-registration-service/internal/config/config.go:179.77,180.69 1 1
github.com/konflux-ci/gitops-registration-service/internal/config/config.go:180.69,182.4 1 1
github.com/konflux-ci/gitops-registration-service/internal/config/config.go:185.2,185.80 1 1
github.com/konflux-ci/gitops-registration-service/internal/config/config.go:185.80,186.58 1 1
github.com/konflux-ci/gitops-registration-service/internal/config/config.go:186.58,188.4 1 1
github.com/konflux-ci/gitops-registration-service/internal/config/config.go:191.2,191.82 1 1
github.com/konflux-ci/gitops-registration-service/internal/config/config.go:191.82,193.3 1 1
github.com/konflux-ci/gitops-registration-service/internal/config/config.go:195.2,195.17 1 1
github.com/konflux-ci/gitops-registration-service/internal/config/config.go:199.51,201.16 2 1
github.com/konflux-ci/gitops-registration-service/internal/config/config.go:201.16,203.3 1 1
github.com/konflux-ci/gitops-registration-service/internal/config/config.go:205.2,205.34 1 1
github.com/konflux-ci/gitops-registration-service/internal/handlers/handlers.go:22.102,27.2 1 1
github.com/konflux-ci/gitops-registration-service/internal/handlers/handlers.go:30.90,32.61 2 1
github.com/konflux-ci/gitops-registration-service/internal/handlers/handlers.go:32.61,35.3 2 1
github.com/konflux-ci/gitops-registration-service/internal/handlers/handlers.go:40.2,41.16 2 1
github.com/konflux-ci/gitops-registration-service/internal/handlers/handlers.go:41.16,44.3 2 1
github.com/konflux-ci/gitops-registration-service/internal/handlers/handlers.go:46.2,46.96 1 1
github.com/konflux-ci/gitops-registration-service/internal/handlers/handlers.go:46.96,49.3 2 1
github.com/konflux-ci/gitops-registration-service/internal/handlers/handlers.go:52.2,53.16 2 1
github.com/konflux-ci/gitops-registration-service/internal/handlers/handlers.go:53.16,57.3 3 0
github.com/konflux-ci/gitops-registration-service/internal/handlers/handlers.go:59.2,60.41 2 1
github.com/konflux-ci/gitops-registration-service/internal/handlers/handlers.go:64.97,66.61 2 1
github.com/konflux-ci/gitops-registration-service/internal/handlers/handlers.go:66.61,69.3 2 0
github.com/konflux-ci/gitops-registration-service/internal/handlers/handlers.go:72.2,73.16 2 1
github.com/konflux-ci/gitops-registration-service/internal/handlers/handlers.go:73.16,76.3 2 0
github.com/konflux-ci/gitops-registration-service/internal/handlers/handlers.go:79.2,79.119 1 1
github.com/konflux-ci/gitops-registration-service/internal/handlers/handlers.go:79.119,87.3 3 1
github.com/konflux-ci/gitops-registration-service/internal/handlers/handlers.go:90.2,91.16 2 1
github.com/konflux-ci/gitops-registration-service/internal/handlers/handlers.go:91.16,95.3 3 0
github.com/konflux-ci/gitops-registration-service/internal/handlers/handlers.go:97.2,98.41 2 1
github.com/konflux-ci/gitops-registration-service/internal/handlers/handlers.go:102.89,105.66 2 1
github.com/konflux-ci/gitops-registration-service/internal/handlers/handlers.go:105.66,107.3 1 0
github.com/konflux-ci/gitops-registration-service/internal/handlers/handlers.go:109.2,110.16 2 1
github.com/konflux-ci/gitops-registration-service/internal/handlers/handlers.go:110.16,114.3 3 0
github.com/konflux-ci/gitops-registration-service/internal/handlers/handlers.go:116.2,117.42 2 1
github.com/konflux-ci/gitops-registration-service/internal/handlers/handlers.go:121.87,123.14 2 1
github.com/konflux-ci/gitops-registration-service/internal/handlers/handlers.go:123.14,126.3 2 0
github.com/konflux-ci/gitops-registration-service/internal/handlers/handlers.go:128.2,129.16 2 1
github.com/konflux-ci/gitops-registration-service/internal/handlers/handlers.go:129.16,132.3 2 1
github.com/konflux-ci/gitops-registration-service/internal/handlers/handlers.go:134.2,135.41 2 1
github.com/konflux-ci/gitops-registration-service/internal/handlers/handlers.go:139.90,141.14 2 1
github.com/konflux-ci/gitops-registration-service/internal/handlers/handlers.go:141.14,144.3 2 0
github.com/konflux-ci/gitops-registration-service/internal/handlers/handlers.go:146.2,146.84 1 1
github.com/konflux-ci/gitops-registration-service/internal/handlers/handlers.go:146.84,150.3 3 0
github.com/konflux-ci/gitops-registration-service/internal/handlers/handlers.go:152.2,152.37 1 1
github.com/konflux-ci/gitops-registration-service/internal/handlers/handlers.go:156.93,158.14 2 0
github.com/konflux-ci/gitops-registration-service/internal/handlers/handlers.go:158.14,161.3 2 0
github.com/konflux-ci/gitops-registration-service/internal/handlers/handlers.go:163.2,164.16 2 0
github.com/konflux-ci/gitops-registration-service/internal/handlers/handlers.go:164.16,167.3 2 0
github.com/konflux-ci/gitops-registration-service/internal/handlers/handlers.go:169.2,170.48 2 0
github.com/konflux-ci/gitops-registration-service/internal/handlers/handlers.go:174.88,176.14 2 0
github.com/konflux-ci/gitops-registration-service/internal/handlers/handlers.go:176.14,179.3 2 0
github.com/konflux-ci/gitops-registration-service/internal/handlers/handlers.go:182.2,190.37 4 0
github.com/konflux-ci/gitops-registration-service/internal/handlers/handlers.go:200.94,205.2 1 1
github.com/konflux-ci/gitops-registration-service/internal/handlers/handlers.go:208.85,210.16 2 1
github.com/konflux-ci/gitops-registration-service/internal/handlers/handlers.go:210.16,214.3 3 0
github.com/konflux-ci/gitops-registration-service/internal/handlers/handlers.go:216.2,217.37 2 1
github.com/konflux-ci/gitops-registration-service/internal/handlers/handlers.go:221.88,223.64 2 1
github.com/konflux-ci/gitops-registration-service/internal/handlers/handlers.go:223.64,226.3 2 0
github.com/konflux-ci/gitops-registration-service/internal/handlers/handlers.go:229.2,230.16 2 1
github.com/konflux-ci/gitops-registration-service/internal/handlers/handlers.go:230.16,233.3 2 0
github.com/konflux-ci/gitops-registration-service/internal/handlers/handlers.go:235.2,235.53 1 1
github.com/konflux-ci/gitops-registration-service/internal/handlers/handlers.go:235.53,238.3 2 1
github.com/konflux-ci/gitops-registration-service/internal/handlers/handlers.go:240.2,240.87 1 1
github.com/konflux-ci/gitops-registration-service/internal/handlers/handlers.go:240.87,244.3 3 0
github.com/konflux-ci/gitops-registration-service/internal/handlers/handlers.go:246.2,252.37 3 1
github.com/konflux-ci/gitops-registration-service/internal/handlers/handlers.go:258.89,261.22 2 1
github.com/konflux-ci/gitops-registration-service/internal/handlers/handlers.go:261.22,263.3 1 1
github.com/konflux-ci/gitops-registration-service/internal/handlers/handlers.go:266.2,267.25 2 1
github.com/konflux-ci/gitops-registration-service/internal/handlers/handlers.go:267.25,269.3 1 1
github.com/konflux-ci/gitops-registration-service/internal/handlers/handlers.go:271.2,271.69 1 1
github.com/konflux-ci/gitops-registration-service/internal/handlers/handlers.go:275.85,278.22 2 1
github.com/konflux-ci/gitops-registration-service/internal/handlers/handlers.go:278.22,280.3 1 0
github.com/konflux-ci/gitops-registration-service/internal/handlers/handlers.go:283.2,284.25 2 1
github.com/konflux-ci/gitops-registration-service/internal/handlers/handlers.go:284.25,286.3 1 0
github.com/konflux-ci/gitops-registration-service/internal/handlers/handlers.go:288.2,288.69 1 1
github.com/konflux-ci/gitops-registration-service/internal/handlers/handlers.go:292.116,299.2 2 1
github.com/konflux-ci/gitops-registration-service/internal/handlers/handlers.go:302.112,309.2 2 1
github.com/konflux-ci/gitops-registration-service/internal/server/server.go:31.70,34.16 2 1
github.com/konflux-ci/gitops-registration-service/internal/server/server.go:34.16,36.3 1 0
github.com/konflux-ci/gitops-registration-service/internal/server/server.go:39.2,60.15 6 1
github.com/konflux-ci/gitops-registration-service/internal/server/server.go:64.51,69.12 3 0
github.com/konflux-ci/gitops-registration-service/internal/server/server.go:69.12,70.82 1 0
github.com/konflux-ci/gitops-registration-service/internal/server/server.go:70.82,72.4 1 0
github.com/konflux-ci/gitops-registration-service/internal/server/server.go:76.2,76.9 1 0
github.com/konflux-ci/gitops-registration-service/internal/server/server.go:77.20,78.32 1 0
github.com/konflux-ci/gitops-registration-service/internal/server/server.go:79.24,80.13 1 0
github.com/konflux-ci/gitops-registration-service/internal/server/server.go:85.54,88.2 2 1
github.com/konflux-ci/gitops-registration-service/internal/server/server.go:91.36,120.2 7 1
github.com/konflux-ci/gitops-registration-service/internal/server/server.go:123.32,132.47 4 1
github.com/konflux-ci/gitops-registration-service/internal/server/server.go:132.47,136.48 2 1
github.com/konflux-ci/gitops-registration-service/internal/server/server.go:136.48,141.40 4 1
github.com/konflux-ci/gitops-registration-service/internal/server/server.go:141.40,146.5 4 1
github.com/konflux-ci/gitops-registration-service/internal/server/server.go:150.3,151.43 2 1
github.com/konflux-ci/gitops-registration-service/internal/server/server.go:151.43,154.4 2 1
github.com/konflux-ci/gitops-registration-service/internal/server/server.go:159.69,168.2 3 1
github.com/konflux-ci/gitops-registration-service/internal/server/server.go:171.70,173.57 1 1
github.com/konflux-ci/gitops-registration-service/internal/server/server.go:173.57,185.3 5 1
github.com/konflux-ci/gitops-registration-service/internal/server/server.go:187.2,194.37 3 1
github.com/konflux-ci/gitops-registration-service/internal/server/server.go:198.63,200.63 1 1
github.com/konflux-ci/gitops-registration-service/internal/server/server.go:200.63,202.3 1 1
github.com/konflux-ci/gitops-registration-service/internal/server/server.go:205.2,205.59 1 1
github.com/konflux-ci/gitops-registration-service/internal/server/server.go:205.59,207.3 1 1
github.com/konflux-ci/gitops-registration-service/internal/server/server.go:209.2,209.12 1 1
github.com/konflux-ci/gitops-registration-service/internal/services/services.go:67.72,70.16 2 1
github.com/konflux-ci/gitops-registration-service/internal/services/services.go:70.16,72.3 1 0
github.com/konflux-ci/gitops-registration-service/internal/services/services.go:75.2,76.16 2 1
github.com/konflux-ci/gitops-registration-service/internal/services/services.go:76.16,78.3 1 0
github.com/konflux-ci/gitops-registration-service/internal/services/services.go:81.2,95.8 4 1
github.com/konflux-ci/gitops-registration-service/internal/services/stubs.go:20.97,22.2 1 1
github.com/konflux-ci/gitops-registration-service/internal/services/stubs.go:24.72,27.2 1 1
github.com/konflux-ci/gitops-registration-service/internal/services/stubs.go:29.115,33.2 2 1
github.com/konflux-ci/gitops-registration-service/internal/services/stubs.go:35.89,39.2 2 1
github.com/konflux-ci/gitops-registration-service/internal/services/stubs.go:41.97,44.2 1 1
github.com/konflux-ci/gitops-registration-service/internal/services/stubs.go:46.83,49.2 1 1
github.com/konflux-ci/gitops-registration-service/internal/services/stubs.go:51.105,58.2 2 0
github.com/konflux-ci/gitops-registration-service/internal/services/stubs.go:60.124,69.2 2 0
github.com/konflux-ci/gitops-registration-service/internal/services/stubs.go:76.89,78.2 1 1
github.com/konflux-ci/gitops-registration-service/internal/services/stubs.go:80.68,83.2 1 1
github.com/konflux-ci/gitops-registration-service/internal/services/stubs.go:85.100,89.2 2 1
github.com/konflux-ci/gitops-registration-service/internal/services/stubs.go:91.86,95.2 2 0
github.com/konflux-ci/gitops-registration-service/internal/services/stubs.go:97.98,101.2 2 1
github.com/konflux-ci/gitops-registration-service/internal/services/stubs.go:103.87,107.2 2 0
github.com/konflux-ci/gitops-registration-service/internal/services/stubs.go:109.118,117.2 1 1
github.com/konflux-ci/gitops-registration-service/internal/services/stubs.go:126.117,132.2 1 1
github.com/konflux-ci/gitops-registration-service/internal/services/stubs.go:134.131,141.2 2 1
github.com/konflux-ci/gitops-registration-service/internal/services/stubs.go:143.112,150.2 1 1
github.com/konflux-ci/gitops-registration-service/internal/services/stubs.go:152.79,155.2 1 1
github.com/konflux-ci/gitops-registration-service/internal/services/stubs.go:164.107,170.2 1 1
github.com/konflux-ci/gitops-registration-service/internal/services/stubs.go:172.102,192.2 2 1
github.com/konflux-ci/gitops-registration-service/internal/services/stubs.go:194.113,197.16 2 1
github.com/konflux-ci/gitops-registration-service/internal/services/stubs.go:197.16,199.3 1 0
github.com/konflux-ci/gitops-registration-service/internal/services/stubs.go:201.2,201.83 1 1
github.com/konflux-ci/gitops-registration-service/internal/services/stubs.go:201.83,203.3 1 1
github.com/konflux-ci/gitops-registration-service/internal/services/stubs.go:205.2,205.12 1 1
github.com/konflux-ci/gitops-registration-service/internal/services/stubs.go:208.109,212.2 2 0
github.com/konflux-ci/gitops-registration-service/internal/services/stubs.go:222.137,229.2 1 1
github.com/konflux-ci/gitops-registration-service/internal/services/stubs.go:231.136,244.2 2 1
github.com/konflux-ci/gitops-registration-service/internal/services/stubs.go:246.112,249.2 1 1
github.com/konflux-ci/gitops-registration-service/internal/services/stubs.go:251.132,254.2 1 1
github.com/konflux-ci/gitops-registration-service/internal/services/stubs.go:256.92,260.2 2 1
github.com/konflux-ci/gitops-registration-service/internal/services/stubs.go:262.174,280.2 2 1
